{"/home/rahul/reactcodebase/fareye-react/src/lib/RestAPI.js": {"path":"/home/rahul/reactcodebase/fareye-react/src/lib/RestAPI.js","statementMap":{"0":{"start":{"line":24,"column":8},"end":{"line":26,"column":9}},"1":{"start":{"line":25,"column":12},"end":{"line":25,"column":43}},"2":{"start":{"line":27,"column":8},"end":{"line":27,"column":59}},"3":{"start":{"line":29,"column":8},"end":{"line":31,"column":39}},"4":{"start":{"line":44,"column":18},"end":{"line":44,"column":46}},"5":{"start":{"line":45,"column":8},"end":{"line":48,"column":9}},"6":{"start":{"line":46,"column":12},"end":{"line":46,"column":55}},"7":{"start":{"line":49,"column":25},"end":{"line":49,"column":47}},"8":{"start":{"line":50,"column":40},"end":{"line":50,"column":48}},"9":{"start":{"line":51,"column":18},"end":{"line":56,"column":9}},"10":{"start":{"line":57,"column":8},"end":{"line":59,"column":9}},"11":{"start":{"line":58,"column":12},"end":{"line":58,"column":38}},"12":{"start":{"line":60,"column":8},"end":{"line":60,"column":18}},"13":{"start":{"line":68,"column":12},"end":{"line":75,"column":15}},"14":{"start":{"line":69,"column":16},"end":{"line":74,"column":17}},"15":{"start":{"line":73,"column":20},"end":{"line":73,"column":40}},"16":{"start":{"line":76,"column":12},"end":{"line":76,"column":27}},"17":{"start":{"line":79,"column":8},"end":{"line":79,"column":26}},"18":{"start":{"line":84,"column":8},"end":{"line":112,"column":9}},"19":{"start":{"line":85,"column":12},"end":{"line":93,"column":13}},"20":{"start":{"line":95,"column":13},"end":{"line":112,"column":9}},"21":{"start":{"line":96,"column":11},"end":{"line":102,"column":12}},"22":{"start":{"line":105,"column":12},"end":{"line":111,"column":13}},"23":{"start":{"line":114,"column":8},"end":{"line":137,"column":14}},"24":{"start":{"line":116,"column":16},"end":{"line":133,"column":17}},"25":{"start":{"line":117,"column":20},"end":{"line":117,"column":31}},"26":{"start":{"line":119,"column":20},"end":{"line":132,"column":21}},"27":{"start":{"line":121,"column":24},"end":{"line":121,"column":67}},"28":{"start":{"line":123,"column":24},"end":{"line":123,"column":64}},"29":{"start":{"line":125,"column":24},"end":{"line":125,"column":54}},"30":{"start":{"line":127,"column":24},"end":{"line":127,"column":66}},"31":{"start":{"line":129,"column":24},"end":{"line":129,"column":75}},"32":{"start":{"line":131,"column":24},"end":{"line":131,"column":83}},"33":{"start":{"line":136,"column":16},"end":{"line":136,"column":28}},"34":{"start":{"line":141,"column":21},"end":{"line":141,"column":34}}},"fnMap":{"0":{"name":"(anonymous_0)","decl":{"start":{"line":23,"column":4},"end":{"line":23,"column":5}},"loc":{"start":{"line":23,"column":23},"end":{"line":32,"column":5}},"line":23},"1":{"name":"(anonymous_1)","decl":{"start":{"line":43,"column":4},"end":{"line":43,"column":5}},"loc":{"start":{"line":43,"column":24},"end":{"line":61,"column":5}},"line":43},"2":{"name":"(anonymous_2)","decl":{"start":{"line":66,"column":4},"end":{"line":66,"column":5}},"loc":{"start":{"line":66,"column":21},"end":{"line":80,"column":5}},"line":66},"3":{"name":"prune","decl":{"start":{"line":67,"column":17},"end":{"line":67,"column":22}},"loc":{"start":{"line":67,"column":32},"end":{"line":78,"column":9}},"line":67},"4":{"name":"(anonymous_4)","decl":{"start":{"line":68,"column":31},"end":{"line":68,"column":32}},"loc":{"start":{"line":68,"column":53},"end":{"line":75,"column":13}},"line":68},"5":{"name":"(anonymous_5)","decl":{"start":{"line":82,"column":4},"end":{"line":82,"column":5}},"loc":{"start":{"line":82,"column":33},"end":{"line":138,"column":5}},"line":82},"6":{"name":"(anonymous_6)","decl":{"start":{"line":115,"column":18},"end":{"line":115,"column":19}},"loc":{"start":{"line":115,"column":27},"end":{"line":134,"column":13}},"line":115},"7":{"name":"(anonymous_7)","decl":{"start":{"line":135,"column":19},"end":{"line":135,"column":20}},"loc":{"start":{"line":135,"column":30},"end":{"line":137,"column":13}},"line":135}},"branchMap":{"0":{"loc":{"start":{"line":24,"column":8},"end":{"line":26,"column":9}},"type":"if","locations":[{"start":{"line":24,"column":8},"end":{"line":26,"column":9}},{"start":{"line":24,"column":8},"end":{"line":26,"column":9}}],"line":24},"1":{"loc":{"start":{"line":24,"column":12},"end":{"line":24,"column":52}},"type":"binary-expr","locations":[{"start":{"line":24,"column":12},"end":{"line":24,"column":28}},{"start":{"line":24,"column":32},"end":{"line":24,"column":52}}],"line":24},"2":{"loc":{"start":{"line":27,"column":29},"end":{"line":27,"column":59}},"type":"cond-expr","locations":[{"start":{"line":27,"column":47},"end":{"line":27,"column":51}},{"start":{"line":27,"column":54},"end":{"line":27,"column":59}}],"line":27},"3":{"loc":{"start":{"line":29,"column":28},"end":{"line":31,"column":39}},"type":"cond-expr","locations":[{"start":{"line":30,"column":14},"end":{"line":30,"column":42}},{"start":{"line":31,"column":14},"end":{"line":31,"column":39}}],"line":29},"4":{"loc":{"start":{"line":45,"column":8},"end":{"line":48,"column":9}},"type":"if","locations":[{"start":{"line":45,"column":8},"end":{"line":48,"column":9}},{"start":{"line":45,"column":8},"end":{"line":48,"column":9}}],"line":45},"5":{"loc":{"start":{"line":57,"column":8},"end":{"line":59,"column":9}},"type":"if","locations":[{"start":{"line":57,"column":8},"end":{"line":59,"column":9}},{"start":{"line":57,"column":8},"end":{"line":59,"column":9}}],"line":57},"6":{"loc":{"start":{"line":69,"column":16},"end":{"line":74,"column":17}},"type":"if","locations":[{"start":{"line":69,"column":16},"end":{"line":74,"column":17}},{"start":{"line":69,"column":16},"end":{"line":74,"column":17}}],"line":69},"7":{"loc":{"start":{"line":69,"column":20},"end":{"line":71,"column":66}},"type":"binary-expr","locations":[{"start":{"line":69,"column":20},"end":{"line":69,"column":40}},{"start":{"line":69,"column":44},"end":{"line":69,"column":59}},{"start":{"line":69,"column":63},"end":{"line":69,"column":77}},{"start":{"line":70,"column":21},"end":{"line":70,"column":38}},{"start":{"line":70,"column":42},"end":{"line":70,"column":58}},{"start":{"line":71,"column":21},"end":{"line":71,"column":38}},{"start":{"line":71,"column":42},"end":{"line":71,"column":65}}],"line":69},"8":{"loc":{"start":{"line":84,"column":8},"end":{"line":112,"column":9}},"type":"if","locations":[{"start":{"line":84,"column":8},"end":{"line":112,"column":9}},{"start":{"line":84,"column":8},"end":{"line":112,"column":9}}],"line":84},"9":{"loc":{"start":{"line":95,"column":13},"end":{"line":112,"column":9}},"type":"if","locations":[{"start":{"line":95,"column":13},"end":{"line":112,"column":9}},{"start":{"line":95,"column":13},"end":{"line":112,"column":9}}],"line":95},"10":{"loc":{"start":{"line":116,"column":16},"end":{"line":133,"column":17}},"type":"if","locations":[{"start":{"line":116,"column":16},"end":{"line":133,"column":17}},{"start":{"line":116,"column":16},"end":{"line":133,"column":17}}],"line":116},"11":{"loc":{"start":{"line":119,"column":20},"end":{"line":132,"column":21}},"type":"switch","locations":[{"start":{"line":120,"column":20},"end":{"line":121,"column":67}},{"start":{"line":122,"column":20},"end":{"line":123,"column":64}},{"start":{"line":124,"column":20},"end":{"line":125,"column":54}},{"start":{"line":126,"column":20},"end":{"line":127,"column":66}},{"start":{"line":128,"column":20},"end":{"line":129,"column":75}},{"start":{"line":130,"column":20},"end":{"line":131,"column":83}}],"line":119}},"s":{"0":0,"1":0,"2":0,"3":0,"4":0,"5":0,"6":0,"7":0,"8":0,"9":0,"10":0,"11":0,"12":0,"13":0,"14":0,"15":0,"16":0,"17":0,"18":0,"19":0,"20":0,"21":0,"22":0,"23":0,"24":0,"25":0,"26":0,"27":0,"28":0,"29":0,"30":0,"31":0,"32":0,"33":0,"34":2},"f":{"0":0,"1":0,"2":0,"3":0,"4":0,"5":0,"6":0,"7":0},"b":{"0":[0,0],"1":[0,0],"2":[0,0],"3":[0,0],"4":[0,0],"5":[0,0],"6":[0,0],"7":[0,0,0,0,0,0,0],"8":[0,0],"9":[0,0],"10":[0,0],"11":[0,0,0,0,0,0]},"_coverageSchema":"332fd63041d2c1bcb487cc26dd0d5f7d97098a6c","hash":"494865c03db3afcf20a7fc7f7784668696c60bf5"}
,"/home/rahul/reactcodebase/fareye-react/src/lib/RestAPIFactory.js": {"path":"/home/rahul/reactcodebase/fareye-react/src/lib/RestAPIFactory.js","statementMap":{"0":{"start":{"line":13,"column":2},"end":{"line":16,"column":3}},"1":{"start":{"line":14,"column":4},"end":{"line":14,"column":29}},"2":{"start":{"line":15,"column":4},"end":{"line":15,"column":18}}},"fnMap":{"0":{"name":"RestAPIFactory","decl":{"start":{"line":12,"column":24},"end":{"line":12,"column":38}},"loc":{"start":{"line":12,"column":54},"end":{"line":17,"column":1}},"line":12}},"branchMap":{"0":{"loc":{"start":{"line":12,"column":40},"end":{"line":12,"column":52}},"type":"default-arg","locations":[{"start":{"line":12,"column":48},"end":{"line":12,"column":52}}],"line":12},"1":{"loc":{"start":{"line":13,"column":2},"end":{"line":16,"column":3}},"type":"if","locations":[{"start":{"line":13,"column":2},"end":{"line":16,"column":3}},{"start":{"line":13,"column":2},"end":{"line":16,"column":3}}],"line":13},"2":{"loc":{"start":{"line":13,"column":6},"end":{"line":13,"column":97}},"type":"binary-expr","locations":[{"start":{"line":13,"column":6},"end":{"line":13,"column":37}},{"start":{"line":13,"column":41},"end":{"line":13,"column":69}},{"start":{"line":13,"column":73},"end":{"line":13,"column":97}}],"line":13}},"s":{"0":0,"1":0,"2":0},"f":{"0":0},"b":{"0":[0],"1":[0,0],"2":[0,0,0]},"_coverageSchema":"332fd63041d2c1bcb487cc26dd0d5f7d97098a6c","hash":"46d1ccf41f4d7104372d0b031c87e166c7a5e620"}
,"/home/rahul/reactcodebase/fareye-react/src/lib/config.js": {"path":"/home/rahul/reactcodebase/fareye-react/src/lib/config.js","statementMap":{"0":{"start":{"line":1,"column":0},"end":{"line":24,"column":1}}},"fnMap":{},"branchMap":{},"s":{"0":5},"f":{},"b":{},"_coverageSchema":"332fd63041d2c1bcb487cc26dd0d5f7d97098a6c","hash":"491390f4222f864d2c25af889b7822fb75117e3c"}
,"/home/rahul/reactcodebase/fareye-react/src/lib/constants.js": {"path":"/home/rahul/reactcodebase/fareye-react/src/lib/constants.js","statementMap":{},"fnMap":{},"branchMap":{},"s":{},"f":{},"b":{},"_coverageSchema":"332fd63041d2c1bcb487cc26dd0d5f7d97098a6c","hash":"25950c665dce3a15d77ff5fd8342cd7dd6a813d4"}
,"/home/rahul/reactcodebase/fareye-react/src/modules/device/deviceActions.js": {"path":"/home/rahul/reactcodebase/fareye-react/src/modules/device/deviceActions.js","statementMap":{"0":{"start":{"line":19,"column":4},"end":{"line":19,"column":42}},"1":{"start":{"line":26,"column":2},"end":{"line":29,"column":3}},"2":{"start":{"line":36,"column":2},"end":{"line":39,"column":3}}},"fnMap":{"0":{"name":"setPlatform","decl":{"start":{"line":25,"column":16},"end":{"line":25,"column":27}},"loc":{"start":{"line":25,"column":39},"end":{"line":30,"column":1}},"line":25},"1":{"name":"setVersion","decl":{"start":{"line":35,"column":16},"end":{"line":35,"column":26}},"loc":{"start":{"line":35,"column":37},"end":{"line":40,"column":1}},"line":35}},"branchMap":{},"s":{"0":1,"1":1,"2":1},"f":{"0":1,"1":1},"b":{},"_coverageSchema":"332fd63041d2c1bcb487cc26dd0d5f7d97098a6c","hash":"cfc8e13cd5beae552e8d656b73dea79beb6484ed"}
,"/home/rahul/reactcodebase/fareye-react/src/modules/device/deviceInitialState.js": {"path":"/home/rahul/reactcodebase/fareye-react/src/modules/device/deviceInitialState.js","statementMap":{"0":{"start":{"line":22,"column":19},"end":{"line":26,"column":2}}},"fnMap":{},"branchMap":{},"s":{"0":1},"f":{},"b":{},"_coverageSchema":"332fd63041d2c1bcb487cc26dd0d5f7d97098a6c","hash":"d66d8008dd46803074e4447ed20dd333dba55f15"}
,"/home/rahul/reactcodebase/fareye-react/src/modules/device/deviceReducer.js": {"path":"/home/rahul/reactcodebase/fareye-react/src/modules/device/deviceReducer.js","statementMap":{"0":{"start":{"line":20,"column":4},"end":{"line":20,"column":42}},"1":{"start":{"line":22,"column":21},"end":{"line":22,"column":39}},"2":{"start":{"line":30,"column":2},"end":{"line":30,"column":72}},"3":{"start":{"line":30,"column":40},"end":{"line":30,"column":72}},"4":{"start":{"line":32,"column":2},"end":{"line":49,"column":3}},"5":{"start":{"line":39,"column":23},"end":{"line":39,"column":37}},"6":{"start":{"line":40,"column":6},"end":{"line":40,"column":44}},"7":{"start":{"line":47,"column":22},"end":{"line":47,"column":36}},"8":{"start":{"line":48,"column":6},"end":{"line":48,"column":42}},"9":{"start":{"line":51,"column":2},"end":{"line":51,"column":14}}},"fnMap":{"0":{"name":"deviceReducer","decl":{"start":{"line":29,"column":24},"end":{"line":29,"column":37}},"loc":{"start":{"line":29,"column":69},"end":{"line":52,"column":1}},"line":29}},"branchMap":{"0":{"loc":{"start":{"line":29,"column":39},"end":{"line":29,"column":59}},"type":"default-arg","locations":[{"start":{"line":29,"column":47},"end":{"line":29,"column":59}}],"line":29},"1":{"loc":{"start":{"line":30,"column":2},"end":{"line":30,"column":72}},"type":"if","locations":[{"start":{"line":30,"column":2},"end":{"line":30,"column":72}},{"start":{"line":30,"column":2},"end":{"line":30,"column":72}}],"line":30},"2":{"loc":{"start":{"line":32,"column":2},"end":{"line":49,"column":3}},"type":"switch","locations":[{"start":{"line":38,"column":4},"end":{"line":40,"column":44}},{"start":{"line":46,"column":4},"end":{"line":48,"column":42}}],"line":32}},"s":{"0":1,"1":1,"2":5,"3":0,"4":5,"5":1,"6":1,"7":1,"8":1,"9":3},"f":{"0":5},"b":{"0":[5],"1":[0,5],"2":[1,1]},"_coverageSchema":"332fd63041d2c1bcb487cc26dd0d5f7d97098a6c","hash":"4a9466a7df772e9a62923d899c44aed588984493"}
,"/home/rahul/reactcodebase/fareye-react/src/modules/global/globalActions.js": {"path":"/home/rahul/reactcodebase/fareye-react/src/modules/global/globalActions.js","statementMap":{"0":{"start":{"line":17,"column":4},"end":{"line":17,"column":42}},"1":{"start":{"line":27,"column":2},"end":{"line":30,"column":3}},"2":{"start":{"line":42,"column":2},"end":{"line":45,"column":3}},"3":{"start":{"line":54,"column":2},"end":{"line":57,"column":3}},"4":{"start":{"line":61,"column":2},"end":{"line":63,"column":3}},"5":{"start":{"line":71,"column":4},"end":{"line":73,"column":5}},"6":{"start":{"line":77,"column":4},"end":{"line":79,"column":5}},"7":{"start":{"line":82,"column":4},"end":{"line":85,"column":5}},"8":{"start":{"line":105,"column":4},"end":{"line":113,"column":5}},"9":{"start":{"line":106,"column":8},"end":{"line":112,"column":9}},"10":{"start":{"line":107,"column":12},"end":{"line":107,"column":45}},"11":{"start":{"line":108,"column":29},"end":{"line":108,"column":92}},"12":{"start":{"line":109,"column":12},"end":{"line":109,"column":53}},"13":{"start":{"line":111,"column":12},"end":{"line":111,"column":23}}},"fnMap":{"0":{"name":"setSessionToken","decl":{"start":{"line":26,"column":16},"end":{"line":26,"column":31}},"loc":{"start":{"line":26,"column":46},"end":{"line":31,"column":1}},"line":26},"1":{"name":"setStore","decl":{"start":{"line":41,"column":16},"end":{"line":41,"column":24}},"loc":{"start":{"line":41,"column":32},"end":{"line":46,"column":1}},"line":41},"2":{"name":"setCredentials","decl":{"start":{"line":53,"column":16},"end":{"line":53,"column":30}},"loc":{"start":{"line":53,"column":44},"end":{"line":58,"column":1}},"line":53},"3":{"name":"checkConnection","decl":{"start":{"line":60,"column":16},"end":{"line":60,"column":31}},"loc":{"start":{"line":60,"column":34},"end":{"line":64,"column":1}},"line":60},"4":{"name":"logoutRequest","decl":{"start":{"line":70,"column":16},"end":{"line":70,"column":29}},"loc":{"start":{"line":70,"column":32},"end":{"line":74,"column":1}},"line":70},"5":{"name":"logoutSuccess","decl":{"start":{"line":76,"column":16},"end":{"line":76,"column":29}},"loc":{"start":{"line":76,"column":32},"end":{"line":80,"column":1}},"line":76},"6":{"name":"logoutFailure","decl":{"start":{"line":81,"column":16},"end":{"line":81,"column":29}},"loc":{"start":{"line":81,"column":37},"end":{"line":86,"column":1}},"line":81},"7":{"name":"deleteSessionToken","decl":{"start":{"line":104,"column":16},"end":{"line":104,"column":34}},"loc":{"start":{"line":104,"column":37},"end":{"line":115,"column":1}},"line":104},"8":{"name":"(anonymous_8)","decl":{"start":{"line":105,"column":11},"end":{"line":105,"column":12}},"loc":{"start":{"line":105,"column":37},"end":{"line":113,"column":5}},"line":105}},"branchMap":{},"s":{"0":1,"1":0,"2":0,"3":0,"4":0,"5":0,"6":0,"7":0,"8":0,"9":0,"10":0,"11":0,"12":0,"13":0},"f":{"0":0,"1":0,"2":0,"3":0,"4":0,"5":0,"6":0,"7":0,"8":0},"b":{},"_coverageSchema":"332fd63041d2c1bcb487cc26dd0d5f7d97098a6c","hash":"0e6fc484a065a7224c8ae8f68c4410f69154a991"}
,"/home/rahul/reactcodebase/fareye-react/src/modules/login/loginActions.js": {"path":"/home/rahul/reactcodebase/fareye-react/src/modules/login/loginActions.js","statementMap":{"0":{"start":{"line":32,"column":4},"end":{"line":32,"column":42}},"1":{"start":{"line":48,"column":2},"end":{"line":50,"column":3}},"2":{"start":{"line":54,"column":2},"end":{"line":56,"column":3}},"3":{"start":{"line":63,"column":2},"end":{"line":65,"column":3}},"4":{"start":{"line":69,"column":2},"end":{"line":71,"column":3}},"5":{"start":{"line":75,"column":2},"end":{"line":78,"column":3}},"6":{"start":{"line":85,"column":2},"end":{"line":87,"column":3}},"7":{"start":{"line":91,"column":2},"end":{"line":94,"column":3}},"8":{"start":{"line":98,"column":2},"end":{"line":101,"column":3}},"9":{"start":{"line":109,"column":2},"end":{"line":112,"column":3}},"10":{"start":{"line":120,"column":2},"end":{"line":123,"column":3}},"11":{"start":{"line":127,"column":2},"end":{"line":130,"column":3}},"12":{"start":{"line":134,"column":2},"end":{"line":137,"column":3}},"13":{"start":{"line":141,"column":2},"end":{"line":143,"column":3}},"14":{"start":{"line":147,"column":2},"end":{"line":149,"column":3}},"15":{"start":{"line":165,"column":2},"end":{"line":178,"column":3}},"16":{"start":{"line":166,"column":4},"end":{"line":177,"column":5}},"17":{"start":{"line":167,"column":6},"end":{"line":167,"column":30}},"18":{"start":{"line":168,"column":37},"end":{"line":168,"column":90}},"19":{"start":{"line":169,"column":26},"end":{"line":169,"column":94}},"20":{"start":{"line":170,"column":6},"end":{"line":170,"column":87}},"21":{"start":{"line":171,"column":6},"end":{"line":171,"column":84}},"22":{"start":{"line":172,"column":6},"end":{"line":172,"column":30}},"23":{"start":{"line":173,"column":6},"end":{"line":173,"column":25}},"24":{"start":{"line":176,"column":6},"end":{"line":176,"column":43}},"25":{"start":{"line":182,"column":2},"end":{"line":195,"column":3}},"26":{"start":{"line":183,"column":4},"end":{"line":194,"column":5}},"27":{"start":{"line":184,"column":23},"end":{"line":184,"column":77}},"28":{"start":{"line":185,"column":6},"end":{"line":191,"column":7}},"29":{"start":{"line":186,"column":23},"end":{"line":186,"column":74}},"30":{"start":{"line":187,"column":23},"end":{"line":187,"column":74}},"31":{"start":{"line":188,"column":8},"end":{"line":188,"column":50}},"32":{"start":{"line":189,"column":8},"end":{"line":189,"column":50}},"33":{"start":{"line":190,"column":8},"end":{"line":190,"column":37}},"34":{"start":{"line":205,"column":2},"end":{"line":224,"column":3}},"35":{"start":{"line":206,"column":4},"end":{"line":223,"column":5}},"36":{"start":{"line":207,"column":6},"end":{"line":207,"column":37}},"37":{"start":{"line":208,"column":20},"end":{"line":208,"column":87}},"38":{"start":{"line":209,"column":35},"end":{"line":209,"column":99}},"39":{"start":{"line":210,"column":6},"end":{"line":217,"column":7}},"40":{"start":{"line":211,"column":8},"end":{"line":211,"column":24}},"41":{"start":{"line":212,"column":13},"end":{"line":217,"column":7}},"42":{"start":{"line":213,"column":10},"end":{"line":213,"column":29}},"43":{"start":{"line":216,"column":10},"end":{"line":216,"column":36}},"44":{"start":{"line":220,"column":6},"end":{"line":220,"column":57}},"45":{"start":{"line":221,"column":6},"end":{"line":221,"column":28}},"46":{"start":{"line":222,"column":6},"end":{"line":222,"column":32}}},"fnMap":{"0":{"name":"logoutState","decl":{"start":{"line":47,"column":16},"end":{"line":47,"column":27}},"loc":{"start":{"line":47,"column":30},"end":{"line":51,"column":1}},"line":47},"1":{"name":"loginState","decl":{"start":{"line":53,"column":16},"end":{"line":53,"column":26}},"loc":{"start":{"line":53,"column":29},"end":{"line":57,"column":1}},"line":53},"2":{"name":"loginRequest","decl":{"start":{"line":62,"column":16},"end":{"line":62,"column":28}},"loc":{"start":{"line":62,"column":31},"end":{"line":66,"column":1}},"line":62},"3":{"name":"loginSuccess","decl":{"start":{"line":68,"column":16},"end":{"line":68,"column":28}},"loc":{"start":{"line":68,"column":31},"end":{"line":72,"column":1}},"line":68},"4":{"name":"loginFailure","decl":{"start":{"line":74,"column":16},"end":{"line":74,"column":28}},"loc":{"start":{"line":74,"column":36},"end":{"line":79,"column":1}},"line":74},"5":{"name":"sessionTokenRequest","decl":{"start":{"line":84,"column":16},"end":{"line":84,"column":35}},"loc":{"start":{"line":84,"column":38},"end":{"line":88,"column":1}},"line":84},"6":{"name":"sessionTokenRequestSuccess","decl":{"start":{"line":90,"column":16},"end":{"line":90,"column":42}},"loc":{"start":{"line":90,"column":50},"end":{"line":95,"column":1}},"line":90},"7":{"name":"sessionTokenRequestFailure","decl":{"start":{"line":97,"column":16},"end":{"line":97,"column":42}},"loc":{"start":{"line":97,"column":50},"end":{"line":102,"column":1}},"line":97},"8":{"name":"onChangeUsername","decl":{"start":{"line":108,"column":16},"end":{"line":108,"column":32}},"loc":{"start":{"line":108,"column":40},"end":{"line":113,"column":1}},"line":108},"9":{"name":"onChangePassword","decl":{"start":{"line":119,"column":16},"end":{"line":119,"column":32}},"loc":{"start":{"line":119,"column":40},"end":{"line":124,"column":1}},"line":119},"10":{"name":"startScanner","decl":{"start":{"line":126,"column":16},"end":{"line":126,"column":28}},"loc":{"start":{"line":126,"column":31},"end":{"line":131,"column":1}},"line":126},"11":{"name":"stopScanner","decl":{"start":{"line":133,"column":16},"end":{"line":133,"column":27}},"loc":{"start":{"line":133,"column":30},"end":{"line":138,"column":1}},"line":133},"12":{"name":"toggleCheckbox","decl":{"start":{"line":140,"column":16},"end":{"line":140,"column":30}},"loc":{"start":{"line":140,"column":33},"end":{"line":144,"column":1}},"line":140},"13":{"name":"rememberMeSetTrue","decl":{"start":{"line":146,"column":16},"end":{"line":146,"column":33}},"loc":{"start":{"line":146,"column":36},"end":{"line":150,"column":1}},"line":146},"14":{"name":"authenticateUser","decl":{"start":{"line":164,"column":16},"end":{"line":164,"column":32}},"loc":{"start":{"line":164,"column":64},"end":{"line":179,"column":1}},"line":164},"15":{"name":"(anonymous_15)","decl":{"start":{"line":165,"column":9},"end":{"line":165,"column":10}},"loc":{"start":{"line":165,"column":35},"end":{"line":178,"column":3}},"line":165},"16":{"name":"checkRememberMe","decl":{"start":{"line":181,"column":16},"end":{"line":181,"column":31}},"loc":{"start":{"line":181,"column":34},"end":{"line":196,"column":1}},"line":181},"17":{"name":"(anonymous_17)","decl":{"start":{"line":182,"column":9},"end":{"line":182,"column":10}},"loc":{"start":{"line":182,"column":35},"end":{"line":195,"column":3}},"line":182},"18":{"name":"getSessionToken","decl":{"start":{"line":204,"column":16},"end":{"line":204,"column":31}},"loc":{"start":{"line":204,"column":34},"end":{"line":225,"column":1}},"line":204},"19":{"name":"(anonymous_19)","decl":{"start":{"line":205,"column":9},"end":{"line":205,"column":10}},"loc":{"start":{"line":205,"column":35},"end":{"line":224,"column":3}},"line":205}},"branchMap":{"0":{"loc":{"start":{"line":100,"column":13},"end":{"line":100,"column":47}},"type":"cond-expr","locations":[{"start":{"line":100,"column":35},"end":{"line":100,"column":39}},{"start":{"line":100,"column":42},"end":{"line":100,"column":47}}],"line":100},"1":{"loc":{"start":{"line":185,"column":6},"end":{"line":191,"column":7}},"type":"if","locations":[{"start":{"line":185,"column":6},"end":{"line":191,"column":7}},{"start":{"line":185,"column":6},"end":{"line":191,"column":7}}],"line":185},"2":{"loc":{"start":{"line":210,"column":6},"end":{"line":217,"column":7}},"type":"if","locations":[{"start":{"line":210,"column":6},"end":{"line":217,"column":7}},{"start":{"line":210,"column":6},"end":{"line":217,"column":7}}],"line":210},"3":{"loc":{"start":{"line":210,"column":10},"end":{"line":210,"column":67}},"type":"binary-expr","locations":[{"start":{"line":210,"column":10},"end":{"line":210,"column":15}},{"start":{"line":210,"column":19},"end":{"line":210,"column":38}},{"start":{"line":210,"column":42},"end":{"line":210,"column":67}}],"line":210},"4":{"loc":{"start":{"line":212,"column":13},"end":{"line":217,"column":7}},"type":"if","locations":[{"start":{"line":212,"column":13},"end":{"line":217,"column":7}},{"start":{"line":212,"column":13},"end":{"line":217,"column":7}}],"line":212}},"s":{"0":2,"1":1,"2":1,"3":2,"4":2,"5":1,"6":1,"7":1,"8":2,"9":2,"10":2,"11":1,"12":1,"13":1,"14":1,"15":1,"16":1,"17":1,"18":1,"19":1,"20":1,"21":1,"22":1,"23":1,"24":0,"25":0,"26":0,"27":0,"28":0,"29":0,"30":0,"31":0,"32":0,"33":0,"34":0,"35":0,"36":0,"37":0,"38":0,"39":0,"40":0,"41":0,"42":0,"43":0,"44":0,"45":0,"46":0},"f":{"0":1,"1":1,"2":2,"3":2,"4":1,"5":1,"6":1,"7":2,"8":2,"9":2,"10":1,"11":1,"12":1,"13":1,"14":1,"15":1,"16":0,"17":0,"18":0,"19":0},"b":{"0":[1,1],"1":[0,0],"2":[0,0],"3":[0,0,0],"4":[0,0]},"_coverageSchema":"332fd63041d2c1bcb487cc26dd0d5f7d97098a6c","hash":"ae435f828db618d5c9d7f61aa4cfd1b0bbe3d1e4"}
,"/home/rahul/reactcodebase/fareye-react/src/modules/login/loginInitialState.js": {"path":"/home/rahul/reactcodebase/fareye-react/src/modules/login/loginInitialState.js","statementMap":{"0":{"start":{"line":15,"column":19},"end":{"line":15,"column":39}},"1":{"start":{"line":22,"column":13},"end":{"line":32,"column":2}},"2":{"start":{"line":38,"column":19},"end":{"line":40,"column":2}}},"fnMap":{},"branchMap":{},"s":{"0":1,"1":1,"2":1},"f":{},"b":{},"_coverageSchema":"332fd63041d2c1bcb487cc26dd0d5f7d97098a6c","hash":"68d7cd92853e66a3de9b94ca23874e99ed4c78ef"}
,"/home/rahul/reactcodebase/fareye-react/src/modules/login/loginReducer.js": {"path":"/home/rahul/reactcodebase/fareye-react/src/modules/login/loginReducer.js","statementMap":{"0":{"start":{"line":13,"column":21},"end":{"line":13,"column":59}},"1":{"start":{"line":29,"column":4},"end":{"line":29,"column":42}},"2":{"start":{"line":31,"column":21},"end":{"line":31,"column":39}},"3":{"start":{"line":38,"column":2},"end":{"line":38,"column":76}},"4":{"start":{"line":38,"column":40},"end":{"line":38,"column":76}},"5":{"start":{"line":40,"column":2},"end":{"line":103,"column":3}},"6":{"start":{"line":48,"column":6},"end":{"line":51,"column":50}},"7":{"start":{"line":60,"column":6},"end":{"line":63,"column":51}},"8":{"start":{"line":67,"column":6},"end":{"line":71,"column":48}},"9":{"start":{"line":74,"column":23},"end":{"line":74,"column":37}},"10":{"start":{"line":75,"column":28},"end":{"line":75,"column":47}},"11":{"start":{"line":76,"column":6},"end":{"line":82,"column":7}},"12":{"start":{"line":77,"column":8},"end":{"line":78,"column":53}},"13":{"start":{"line":80,"column":8},"end":{"line":81,"column":52}},"14":{"start":{"line":85,"column":23},"end":{"line":85,"column":37}},"15":{"start":{"line":86,"column":28},"end":{"line":86,"column":47}},"16":{"start":{"line":87,"column":6},"end":{"line":93,"column":7}},"17":{"start":{"line":88,"column":8},"end":{"line":89,"column":53}},"18":{"start":{"line":91,"column":8},"end":{"line":92,"column":52}},"19":{"start":{"line":96,"column":8},"end":{"line":96,"column":77}},"20":{"start":{"line":99,"column":7},"end":{"line":99,"column":71}},"21":{"start":{"line":102,"column":8},"end":{"line":102,"column":54}},"22":{"start":{"line":107,"column":2},"end":{"line":107,"column":14}}},"fnMap":{"0":{"name":"authReducer","decl":{"start":{"line":37,"column":24},"end":{"line":37,"column":35}},"loc":{"start":{"line":37,"column":66},"end":{"line":108,"column":1}},"line":37}},"branchMap":{"0":{"loc":{"start":{"line":37,"column":36},"end":{"line":37,"column":56}},"type":"default-arg","locations":[{"start":{"line":37,"column":44},"end":{"line":37,"column":56}}],"line":37},"1":{"loc":{"start":{"line":38,"column":2},"end":{"line":38,"column":76}},"type":"if","locations":[{"start":{"line":38,"column":2},"end":{"line":38,"column":76}},{"start":{"line":38,"column":2},"end":{"line":38,"column":76}}],"line":38},"2":{"loc":{"start":{"line":40,"column":2},"end":{"line":103,"column":3}},"type":"switch","locations":[{"start":{"line":47,"column":4},"end":{"line":51,"column":50}},{"start":{"line":58,"column":4},"end":{"line":63,"column":51}},{"start":{"line":66,"column":4},"end":{"line":71,"column":48}},{"start":{"line":73,"column":4},"end":{"line":82,"column":7}},{"start":{"line":84,"column":4},"end":{"line":93,"column":7}},{"start":{"line":95,"column":6},"end":{"line":96,"column":77}},{"start":{"line":98,"column":6},"end":{"line":99,"column":71}},{"start":{"line":101,"column":6},"end":{"line":102,"column":54}}],"line":40},"3":{"loc":{"start":{"line":76,"column":6},"end":{"line":82,"column":7}},"type":"if","locations":[{"start":{"line":76,"column":6},"end":{"line":82,"column":7}},{"start":{"line":76,"column":6},"end":{"line":82,"column":7}}],"line":76},"4":{"loc":{"start":{"line":76,"column":10},"end":{"line":76,"column":36}},"type":"binary-expr","locations":[{"start":{"line":76,"column":10},"end":{"line":76,"column":18}},{"start":{"line":76,"column":23},"end":{"line":76,"column":36}}],"line":76},"5":{"loc":{"start":{"line":87,"column":6},"end":{"line":93,"column":7}},"type":"if","locations":[{"start":{"line":87,"column":6},"end":{"line":93,"column":7}},{"start":{"line":87,"column":6},"end":{"line":93,"column":7}}],"line":87},"6":{"loc":{"start":{"line":87,"column":10},"end":{"line":87,"column":35}},"type":"binary-expr","locations":[{"start":{"line":87,"column":10},"end":{"line":87,"column":23}},{"start":{"line":87,"column":27},"end":{"line":87,"column":35}}],"line":87}},"s":{"0":1,"1":1,"2":1,"3":8,"4":0,"5":8,"6":1,"7":1,"8":1,"9":1,"10":1,"11":1,"12":0,"13":1,"14":1,"15":1,"16":1,"17":0,"18":1,"19":1,"20":1,"21":1,"22":0},"f":{"0":8},"b":{"0":[8],"1":[0,8],"2":[1,1,1,1,1,1,1,1],"3":[0,1],"4":[1,1],"5":[0,1],"6":[1,0]},"_coverageSchema":"332fd63041d2c1bcb487cc26dd0d5f7d97098a6c","hash":"4a1e0fd98e342dc3dbebd3ebdc16143ee869a373"}
,"/home/rahul/reactcodebase/fareye-react/src/modules/pre-loader/preloaderActions.js": {"path":"/home/rahul/reactcodebase/fareye-react/src/modules/pre-loader/preloaderActions.js","statementMap":{"0":{"start":{"line":50,"column":4},"end":{"line":50,"column":42}},"1":{"start":{"line":67,"column":4},"end":{"line":69,"column":5}},"2":{"start":{"line":73,"column":4},"end":{"line":75,"column":5}},"3":{"start":{"line":79,"column":4},"end":{"line":82,"column":5}},"4":{"start":{"line":86,"column":4},"end":{"line":88,"column":5}},"5":{"start":{"line":92,"column":4},"end":{"line":94,"column":5}},"6":{"start":{"line":98,"column":4},"end":{"line":101,"column":5}},"7":{"start":{"line":105,"column":4},"end":{"line":107,"column":5}},"8":{"start":{"line":112,"column":4},"end":{"line":114,"column":5}},"9":{"start":{"line":118,"column":4},"end":{"line":121,"column":5}},"10":{"start":{"line":125,"column":4},"end":{"line":128,"column":5}},"11":{"start":{"line":132,"column":4},"end":{"line":135,"column":5}},"12":{"start":{"line":139,"column":4},"end":{"line":141,"column":5}},"13":{"start":{"line":145,"column":4},"end":{"line":147,"column":5}},"14":{"start":{"line":151,"column":4},"end":{"line":154,"column":5}},"15":{"start":{"line":158,"column":4},"end":{"line":161,"column":5}},"16":{"start":{"line":165,"column":4},"end":{"line":168,"column":5}},"17":{"start":{"line":173,"column":4},"end":{"line":175,"column":5}},"18":{"start":{"line":180,"column":4},"end":{"line":184,"column":5}},"19":{"start":{"line":189,"column":4},"end":{"line":191,"column":5}},"20":{"start":{"line":196,"column":4},"end":{"line":200,"column":5}},"21":{"start":{"line":204,"column":4},"end":{"line":217,"column":5}},"22":{"start":{"line":205,"column":8},"end":{"line":205,"column":42}},"23":{"start":{"line":206,"column":27},"end":{"line":206,"column":81}},"24":{"start":{"line":207,"column":26},"end":{"line":207,"column":79}},"25":{"start":{"line":208,"column":27},"end":{"line":208,"column":74}},"26":{"start":{"line":209,"column":22},"end":{"line":209,"column":89}},"27":{"start":{"line":210,"column":27},"end":{"line":210,"column":108}},"28":{"start":{"line":211,"column":21},"end":{"line":211,"column":42}},"29":{"start":{"line":212,"column":8},"end":{"line":212,"column":44}},"30":{"start":{"line":213,"column":8},"end":{"line":213,"column":48}},"31":{"start":{"line":216,"column":8},"end":{"line":216,"column":57}},"32":{"start":{"line":225,"column":4},"end":{"line":241,"column":5}},"33":{"start":{"line":226,"column":8},"end":{"line":240,"column":9}},"34":{"start":{"line":227,"column":12},"end":{"line":227,"column":40}},"35":{"start":{"line":228,"column":26},"end":{"line":228,"column":93}},"36":{"start":{"line":229,"column":12},"end":{"line":229,"column":53}},"37":{"start":{"line":230,"column":12},"end":{"line":230,"column":40}},"38":{"start":{"line":231,"column":12},"end":{"line":231,"column":42}},"39":{"start":{"line":232,"column":12},"end":{"line":232,"column":86}},"40":{"start":{"line":233,"column":12},"end":{"line":233,"column":76}},"41":{"start":{"line":234,"column":12},"end":{"line":234,"column":79}},"42":{"start":{"line":235,"column":12},"end":{"line":235,"column":42}},"43":{"start":{"line":236,"column":12},"end":{"line":236,"column":42}},"44":{"start":{"line":237,"column":12},"end":{"line":237,"column":38}},"45":{"start":{"line":239,"column":12},"end":{"line":239,"column":53}},"46":{"start":{"line":251,"column":4},"end":{"line":268,"column":5}},"47":{"start":{"line":252,"column":26},"end":{"line":252,"column":87}},"48":{"start":{"line":253,"column":29},"end":{"line":253,"column":100}},"49":{"start":{"line":254,"column":8},"end":{"line":257,"column":9}},"50":{"start":{"line":255,"column":12},"end":{"line":255,"column":31}},"51":{"start":{"line":256,"column":12},"end":{"line":256,"column":18}},"52":{"start":{"line":258,"column":8},"end":{"line":261,"column":9}},"53":{"start":{"line":259,"column":12},"end":{"line":259,"column":40}},"54":{"start":{"line":260,"column":12},"end":{"line":260,"column":18}},"55":{"start":{"line":262,"column":8},"end":{"line":267,"column":9}},"56":{"start":{"line":263,"column":12},"end":{"line":263,"column":39}},"57":{"start":{"line":265,"column":13},"end":{"line":267,"column":9}},"58":{"start":{"line":266,"column":12},"end":{"line":266,"column":32}},"59":{"start":{"line":279,"column":4},"end":{"line":291,"column":5}},"60":{"start":{"line":280,"column":8},"end":{"line":282,"column":9}},"61":{"start":{"line":281,"column":12},"end":{"line":281,"column":54}},"62":{"start":{"line":284,"column":8},"end":{"line":284,"column":90}},"63":{"start":{"line":285,"column":8},"end":{"line":285,"column":40}},"64":{"start":{"line":286,"column":8},"end":{"line":286,"column":63}},"65":{"start":{"line":287,"column":8},"end":{"line":287,"column":42}},"66":{"start":{"line":288,"column":8},"end":{"line":288,"column":28}},"67":{"start":{"line":290,"column":8},"end":{"line":290,"column":55}},"68":{"start":{"line":300,"column":4},"end":{"line":315,"column":5}},"69":{"start":{"line":301,"column":8},"end":{"line":301,"column":35}},"70":{"start":{"line":302,"column":27},"end":{"line":302,"column":81}},"71":{"start":{"line":303,"column":26},"end":{"line":303,"column":79}},"72":{"start":{"line":304,"column":21},"end":{"line":304,"column":61}},"73":{"start":{"line":305,"column":27},"end":{"line":305,"column":98}},"74":{"start":{"line":306,"column":8},"end":{"line":312,"column":9}},"75":{"start":{"line":307,"column":12},"end":{"line":307,"column":40}},"76":{"start":{"line":308,"column":12},"end":{"line":308,"column":78}},"77":{"start":{"line":309,"column":12},"end":{"line":309,"column":28}},"78":{"start":{"line":311,"column":12},"end":{"line":311,"column":45}},"79":{"start":{"line":314,"column":8},"end":{"line":314,"column":50}},"80":{"start":{"line":325,"column":4},"end":{"line":348,"column":5}},"81":{"start":{"line":326,"column":21},"end":{"line":326,"column":75}},"82":{"start":{"line":327,"column":20},"end":{"line":327,"column":73}},"83":{"start":{"line":328,"column":18},"end":{"line":328,"column":85}},"84":{"start":{"line":329,"column":21},"end":{"line":329,"column":108}},"85":{"start":{"line":330,"column":22},"end":{"line":330,"column":41}},"86":{"start":{"line":331,"column":31},"end":{"line":331,"column":57}},"87":{"start":{"line":332,"column":30},"end":{"line":332,"column":55}},"88":{"start":{"line":333,"column":4},"end":{"line":333,"column":80}},"89":{"start":{"line":334,"column":4},"end":{"line":334,"column":78}},"90":{"start":{"line":335,"column":4},"end":{"line":335,"column":71}},"91":{"start":{"line":336,"column":4},"end":{"line":336,"column":69}},"92":{"start":{"line":337,"column":31},"end":{"line":337,"column":105}},"93":{"start":{"line":338,"column":4},"end":{"line":345,"column":5}},"94":{"start":{"line":339,"column":8},"end":{"line":339,"column":80}},"95":{"start":{"line":340,"column":8},"end":{"line":340,"column":36}},"96":{"start":{"line":341,"column":8},"end":{"line":341,"column":24}},"97":{"start":{"line":343,"column":8},"end":{"line":343,"column":87}},"98":{"start":{"line":344,"column":8},"end":{"line":344,"column":36}},"99":{"start":{"line":347,"column":8},"end":{"line":347,"column":50}},"100":{"start":{"line":357,"column":4},"end":{"line":372,"column":5}},"101":{"start":{"line":358,"column":8},"end":{"line":371,"column":9}},"102":{"start":{"line":359,"column":12},"end":{"line":359,"column":42}},"103":{"start":{"line":360,"column":12},"end":{"line":360,"column":86}},"104":{"start":{"line":361,"column":30},"end":{"line":361,"column":83}},"105":{"start":{"line":362,"column":26},"end":{"line":362,"column":93}},"106":{"start":{"line":363,"column":12},"end":{"line":363,"column":56}},"107":{"start":{"line":364,"column":40},"end":{"line":364,"column":107}},"108":{"start":{"line":365,"column":25},"end":{"line":365,"column":55}},"109":{"start":{"line":366,"column":12},"end":{"line":366,"column":73}},"110":{"start":{"line":367,"column":12},"end":{"line":367,"column":81}},"111":{"start":{"line":368,"column":12},"end":{"line":368,"column":31}},"112":{"start":{"line":370,"column":12},"end":{"line":370,"column":57}},"113":{"start":{"line":381,"column":4},"end":{"line":397,"column":5}},"114":{"start":{"line":382,"column":8},"end":{"line":396,"column":9}},"115":{"start":{"line":383,"column":12},"end":{"line":383,"column":42}},"116":{"start":{"line":384,"column":30},"end":{"line":384,"column":83}},"117":{"start":{"line":385,"column":35},"end":{"line":385,"column":60}},"118":{"start":{"line":386,"column":12},"end":{"line":388,"column":13}},"119":{"start":{"line":387,"column":16},"end":{"line":387,"column":57}},"120":{"start":{"line":389,"column":26},"end":{"line":389,"column":93}},"121":{"start":{"line":390,"column":44},"end":{"line":390,"column":109}},"122":{"start":{"line":391,"column":12},"end":{"line":391,"column":84}},"123":{"start":{"line":392,"column":12},"end":{"line":392,"column":76}},"124":{"start":{"line":393,"column":12},"end":{"line":393,"column":28}},"125":{"start":{"line":395,"column":12},"end":{"line":395,"column":57}}},"fnMap":{"0":{"name":"jobMasterDownloadStart","decl":{"start":{"line":66,"column":16},"end":{"line":66,"column":38}},"loc":{"start":{"line":66,"column":41},"end":{"line":70,"column":1}},"line":66},"1":{"name":"jobMasterDownloadSuccess","decl":{"start":{"line":72,"column":16},"end":{"line":72,"column":40}},"loc":{"start":{"line":72,"column":43},"end":{"line":76,"column":1}},"line":72},"2":{"name":"jobMasterDownloadFailure","decl":{"start":{"line":78,"column":16},"end":{"line":78,"column":40}},"loc":{"start":{"line":78,"column":48},"end":{"line":83,"column":1}},"line":78},"3":{"name":"jobMasterSavingStart","decl":{"start":{"line":85,"column":16},"end":{"line":85,"column":36}},"loc":{"start":{"line":85,"column":39},"end":{"line":89,"column":1}},"line":85},"4":{"name":"jobMasterSavingSuccess","decl":{"start":{"line":91,"column":16},"end":{"line":91,"column":38}},"loc":{"start":{"line":91,"column":41},"end":{"line":95,"column":1}},"line":91},"5":{"name":"jobMasterSavingFailure","decl":{"start":{"line":97,"column":16},"end":{"line":97,"column":38}},"loc":{"start":{"line":97,"column":46},"end":{"line":102,"column":1}},"line":97},"6":{"name":"checkAssetStart","decl":{"start":{"line":104,"column":16},"end":{"line":104,"column":31}},"loc":{"start":{"line":104,"column":34},"end":{"line":108,"column":1}},"line":104},"7":{"name":"preloaderSuccess","decl":{"start":{"line":111,"column":16},"end":{"line":111,"column":32}},"loc":{"start":{"line":111,"column":35},"end":{"line":115,"column":1}},"line":111},"8":{"name":"checkAssetFailure","decl":{"start":{"line":117,"column":16},"end":{"line":117,"column":33}},"loc":{"start":{"line":117,"column":41},"end":{"line":122,"column":1}},"line":117},"9":{"name":"showMobileNumber","decl":{"start":{"line":124,"column":16},"end":{"line":124,"column":32}},"loc":{"start":{"line":124,"column":35},"end":{"line":129,"column":1}},"line":124},"10":{"name":"showOtp","decl":{"start":{"line":131,"column":16},"end":{"line":131,"column":23}},"loc":{"start":{"line":131,"column":26},"end":{"line":136,"column":1}},"line":131},"11":{"name":"preLogoutRequest","decl":{"start":{"line":138,"column":16},"end":{"line":138,"column":32}},"loc":{"start":{"line":138,"column":35},"end":{"line":142,"column":1}},"line":138},"12":{"name":"preLogoutSuccess","decl":{"start":{"line":144,"column":16},"end":{"line":144,"column":32}},"loc":{"start":{"line":144,"column":35},"end":{"line":148,"column":1}},"line":144},"13":{"name":"preLogoutFailure","decl":{"start":{"line":150,"column":16},"end":{"line":150,"column":32}},"loc":{"start":{"line":150,"column":40},"end":{"line":155,"column":1}},"line":150},"14":{"name":"onChangeMobileNumber","decl":{"start":{"line":157,"column":16},"end":{"line":157,"column":36}},"loc":{"start":{"line":157,"column":51},"end":{"line":162,"column":1}},"line":157},"15":{"name":"onChangeOtp","decl":{"start":{"line":164,"column":16},"end":{"line":164,"column":27}},"loc":{"start":{"line":164,"column":39},"end":{"line":169,"column":1}},"line":164},"16":{"name":"otpGenerationStart","decl":{"start":{"line":172,"column":16},"end":{"line":172,"column":34}},"loc":{"start":{"line":172,"column":37},"end":{"line":176,"column":1}},"line":172},"17":{"name":"otpGenerationFailure","decl":{"start":{"line":179,"column":16},"end":{"line":179,"column":36}},"loc":{"start":{"line":179,"column":44},"end":{"line":185,"column":1}},"line":179},"18":{"name":"optValidationStart","decl":{"start":{"line":188,"column":16},"end":{"line":188,"column":34}},"loc":{"start":{"line":188,"column":37},"end":{"line":192,"column":1}},"line":188},"19":{"name":"otpValidationFailure","decl":{"start":{"line":195,"column":16},"end":{"line":195,"column":36}},"loc":{"start":{"line":195,"column":44},"end":{"line":201,"column":1}},"line":195},"20":{"name":"downloadJobMaster","decl":{"start":{"line":203,"column":22},"end":{"line":203,"column":39}},"loc":{"start":{"line":203,"column":50},"end":{"line":218,"column":1}},"line":203},"21":{"name":"invalidateUserSession","decl":{"start":{"line":224,"column":16},"end":{"line":224,"column":37}},"loc":{"start":{"line":224,"column":40},"end":{"line":242,"column":1}},"line":224},"22":{"name":"(anonymous_22)","decl":{"start":{"line":225,"column":11},"end":{"line":225,"column":12}},"loc":{"start":{"line":225,"column":37},"end":{"line":241,"column":5}},"line":225},"23":{"name":"saveSettingsAndValidateDevice","decl":{"start":{"line":250,"column":16},"end":{"line":250,"column":45}},"loc":{"start":{"line":250,"column":115},"end":{"line":269,"column":1}},"line":250},"24":{"name":"(anonymous_24)","decl":{"start":{"line":251,"column":11},"end":{"line":251,"column":12}},"loc":{"start":{"line":251,"column":37},"end":{"line":268,"column":5}},"line":251},"25":{"name":"validateAndSaveJobMaster","decl":{"start":{"line":278,"column":22},"end":{"line":278,"column":46}},"loc":{"start":{"line":278,"column":76},"end":{"line":292,"column":1}},"line":278},"26":{"name":"checkAsset","decl":{"start":{"line":299,"column":22},"end":{"line":299,"column":32}},"loc":{"start":{"line":299,"column":43},"end":{"line":316,"column":1}},"line":299},"27":{"name":"checkIfSimValidOnServer","decl":{"start":{"line":324,"column":22},"end":{"line":324,"column":45}},"loc":{"start":{"line":324,"column":55},"end":{"line":349,"column":1}},"line":324},"28":{"name":"generateOtp","decl":{"start":{"line":356,"column":16},"end":{"line":356,"column":27}},"loc":{"start":{"line":356,"column":42},"end":{"line":373,"column":1}},"line":356},"29":{"name":"(anonymous_29)","decl":{"start":{"line":357,"column":11},"end":{"line":357,"column":12}},"loc":{"start":{"line":357,"column":37},"end":{"line":372,"column":5}},"line":357},"30":{"name":"validateOtp","decl":{"start":{"line":380,"column":16},"end":{"line":380,"column":27}},"loc":{"start":{"line":380,"column":39},"end":{"line":399,"column":1}},"line":380},"31":{"name":"(anonymous_31)","decl":{"start":{"line":381,"column":11},"end":{"line":381,"column":12}},"loc":{"start":{"line":381,"column":37},"end":{"line":397,"column":5}},"line":381}},"branchMap":{"0":{"loc":{"start":{"line":254,"column":8},"end":{"line":257,"column":9}},"type":"if","locations":[{"start":{"line":254,"column":8},"end":{"line":257,"column":9}},{"start":{"line":254,"column":8},"end":{"line":257,"column":9}}],"line":254},"1":{"loc":{"start":{"line":254,"column":12},"end":{"line":254,"column":40}},"type":"binary-expr","locations":[{"start":{"line":254,"column":12},"end":{"line":254,"column":21}},{"start":{"line":254,"column":25},"end":{"line":254,"column":40}}],"line":254},"2":{"loc":{"start":{"line":258,"column":8},"end":{"line":261,"column":9}},"type":"if","locations":[{"start":{"line":258,"column":8},"end":{"line":261,"column":9}},{"start":{"line":258,"column":8},"end":{"line":261,"column":9}}],"line":258},"3":{"loc":{"start":{"line":258,"column":12},"end":{"line":258,"column":46}},"type":"binary-expr","locations":[{"start":{"line":258,"column":12},"end":{"line":258,"column":24}},{"start":{"line":258,"column":28},"end":{"line":258,"column":46}}],"line":258},"4":{"loc":{"start":{"line":262,"column":8},"end":{"line":267,"column":9}},"type":"if","locations":[{"start":{"line":262,"column":8},"end":{"line":267,"column":9}},{"start":{"line":262,"column":8},"end":{"line":267,"column":9}}],"line":262},"5":{"loc":{"start":{"line":262,"column":12},"end":{"line":262,"column":137}},"type":"binary-expr","locations":[{"start":{"line":262,"column":12},"end":{"line":262,"column":52}},{"start":{"line":262,"column":56},"end":{"line":262,"column":97}},{"start":{"line":262,"column":101},"end":{"line":262,"column":137}}],"line":262},"6":{"loc":{"start":{"line":265,"column":13},"end":{"line":267,"column":9}},"type":"if","locations":[{"start":{"line":265,"column":13},"end":{"line":267,"column":9}},{"start":{"line":265,"column":13},"end":{"line":267,"column":9}}],"line":265},"7":{"loc":{"start":{"line":280,"column":8},"end":{"line":282,"column":9}},"type":"if","locations":[{"start":{"line":280,"column":8},"end":{"line":282,"column":9}},{"start":{"line":280,"column":8},"end":{"line":282,"column":9}}],"line":280},"8":{"loc":{"start":{"line":306,"column":8},"end":{"line":312,"column":9}},"type":"if","locations":[{"start":{"line":306,"column":8},"end":{"line":312,"column":9}},{"start":{"line":306,"column":8},"end":{"line":312,"column":9}}],"line":306},"9":{"loc":{"start":{"line":338,"column":4},"end":{"line":345,"column":5}},"type":"if","locations":[{"start":{"line":338,"column":4},"end":{"line":345,"column":5}},{"start":{"line":338,"column":4},"end":{"line":345,"column":5}}],"line":338},"10":{"loc":{"start":{"line":386,"column":12},"end":{"line":388,"column":13}},"type":"if","locations":[{"start":{"line":386,"column":12},"end":{"line":388,"column":13}},{"start":{"line":386,"column":12},"end":{"line":388,"column":13}}],"line":386}},"s":{"0":1,"1":1,"2":1,"3":1,"4":1,"5":1,"6":1,"7":1,"8":1,"9":1,"10":1,"11":1,"12":1,"13":1,"14":1,"15":1,"16":1,"17":1,"18":1,"19":1,"20":1,"21":0,"22":0,"23":0,"24":0,"25":0,"26":0,"27":0,"28":0,"29":0,"30":0,"31":0,"32":0,"33":0,"34":0,"35":0,"36":0,"37":0,"38":0,"39":0,"40":0,"41":0,"42":0,"43":0,"44":0,"45":0,"46":0,"47":0,"48":0,"49":0,"50":0,"51":0,"52":0,"53":0,"54":0,"55":0,"56":0,"57":0,"58":0,"59":0,"60":0,"61":0,"62":0,"63":0,"64":0,"65":0,"66":0,"67":0,"68":0,"69":0,"70":0,"71":0,"72":0,"73":0,"74":0,"75":0,"76":0,"77":0,"78":0,"79":0,"80":0,"81":0,"82":0,"83":0,"84":0,"85":0,"86":0,"87":0,"88":0,"89":0,"90":0,"91":0,"92":0,"93":0,"94":0,"95":0,"96":0,"97":0,"98":0,"99":0,"100":0,"101":0,"102":0,"103":0,"104":0,"105":0,"106":0,"107":0,"108":0,"109":0,"110":0,"111":0,"112":0,"113":0,"114":0,"115":0,"116":0,"117":0,"118":0,"119":0,"120":0,"121":0,"122":0,"123":0,"124":0,"125":0},"f":{"0":1,"1":1,"2":1,"3":1,"4":1,"5":1,"6":1,"7":1,"8":1,"9":1,"10":1,"11":1,"12":1,"13":1,"14":1,"15":1,"16":1,"17":1,"18":1,"19":1,"20":0,"21":0,"22":0,"23":0,"24":0,"25":0,"26":0,"27":0,"28":0,"29":0,"30":0,"31":0},"b":{"0":[0,0],"1":[0,0],"2":[0,0],"3":[0,0],"4":[0,0],"5":[0,0,0],"6":[0,0],"7":[0,0],"8":[0,0],"9":[0,0],"10":[0,0]},"_coverageSchema":"332fd63041d2c1bcb487cc26dd0d5f7d97098a6c","hash":"d4d7a82f94ba3ffb9c58e57039d9c31d2238c0a2"}
,"/home/rahul/reactcodebase/fareye-react/src/modules/pre-loader/preloaderInitialState.js": {"path":"/home/rahul/reactcodebase/fareye-react/src/modules/pre-loader/preloaderInitialState.js","statementMap":{"0":{"start":{"line":5,"column":17},"end":{"line":5,"column":37}},"1":{"start":{"line":12,"column":4},"end":{"line":12,"column":42}},"2":{"start":{"line":15,"column":19},"end":{"line":29,"column":2}}},"fnMap":{},"branchMap":{},"s":{"0":1,"1":1,"2":1},"f":{},"b":{},"_coverageSchema":"332fd63041d2c1bcb487cc26dd0d5f7d97098a6c","hash":"a772fa419a2f05c6f5a2b8af1663cb6eeb25a4ee"}
,"/home/rahul/reactcodebase/fareye-react/src/modules/pre-loader/preloaderReducer.js": {"path":"/home/rahul/reactcodebase/fareye-react/src/modules/pre-loader/preloaderReducer.js","statementMap":{"0":{"start":{"line":13,"column":21},"end":{"line":13,"column":39}},"1":{"start":{"line":56,"column":4},"end":{"line":56,"column":42}},"2":{"start":{"line":64,"column":2},"end":{"line":64,"column":72}},"3":{"start":{"line":64,"column":40},"end":{"line":64,"column":72}},"4":{"start":{"line":65,"column":2},"end":{"line":163,"column":3}},"5":{"start":{"line":67,"column":6},"end":{"line":69,"column":59}},"6":{"start":{"line":71,"column":6},"end":{"line":71,"column":64}},"7":{"start":{"line":73,"column":6},"end":{"line":75,"column":37}},"8":{"start":{"line":78,"column":6},"end":{"line":79,"column":35}},"9":{"start":{"line":81,"column":6},"end":{"line":81,"column":60}},"10":{"start":{"line":83,"column":6},"end":{"line":85,"column":37}},"11":{"start":{"line":88,"column":6},"end":{"line":89,"column":35}},"12":{"start":{"line":92,"column":6},"end":{"line":94,"column":37}},"13":{"start":{"line":97,"column":6},"end":{"line":98,"column":49}},"14":{"start":{"line":100,"column":6},"end":{"line":100,"column":62}},"15":{"start":{"line":103,"column":6},"end":{"line":104,"column":53}},"16":{"start":{"line":106,"column":6},"end":{"line":106,"column":59}},"17":{"start":{"line":109,"column":6},"end":{"line":109,"column":64}},"18":{"start":{"line":111,"column":6},"end":{"line":111,"column":55}},"19":{"start":{"line":113,"column":6},"end":{"line":115,"column":60}},"20":{"start":{"line":117,"column":6},"end":{"line":126,"column":24}},"21":{"start":{"line":129,"column":6},"end":{"line":130,"column":37}},"22":{"start":{"line":133,"column":21},"end":{"line":133,"column":35}},"23":{"start":{"line":134,"column":6},"end":{"line":142,"column":7}},"24":{"start":{"line":135,"column":8},"end":{"line":137,"column":42}},"25":{"start":{"line":139,"column":8},"end":{"line":141,"column":42}},"26":{"start":{"line":145,"column":22},"end":{"line":145,"column":36}},"27":{"start":{"line":146,"column":6},"end":{"line":154,"column":7}},"28":{"start":{"line":147,"column":8},"end":{"line":149,"column":39}},"29":{"start":{"line":151,"column":8},"end":{"line":153,"column":39}},"30":{"start":{"line":156,"column":6},"end":{"line":162,"column":40}},"31":{"start":{"line":164,"column":2},"end":{"line":164,"column":14}}},"fnMap":{"0":{"name":"preloaderReducer","decl":{"start":{"line":63,"column":24},"end":{"line":63,"column":40}},"loc":{"start":{"line":63,"column":71},"end":{"line":165,"column":1}},"line":63}},"branchMap":{"0":{"loc":{"start":{"line":63,"column":41},"end":{"line":63,"column":61}},"type":"default-arg","locations":[{"start":{"line":63,"column":49},"end":{"line":63,"column":61}}],"line":63},"1":{"loc":{"start":{"line":64,"column":2},"end":{"line":64,"column":72}},"type":"if","locations":[{"start":{"line":64,"column":2},"end":{"line":64,"column":72}},{"start":{"line":64,"column":2},"end":{"line":64,"column":72}}],"line":64},"2":{"loc":{"start":{"line":65,"column":2},"end":{"line":163,"column":3}},"type":"switch","locations":[{"start":{"line":66,"column":4},"end":{"line":69,"column":59}},{"start":{"line":70,"column":4},"end":{"line":71,"column":64}},{"start":{"line":72,"column":4},"end":{"line":75,"column":37}},{"start":{"line":77,"column":4},"end":{"line":79,"column":35}},{"start":{"line":80,"column":4},"end":{"line":81,"column":60}},{"start":{"line":82,"column":4},"end":{"line":85,"column":37}},{"start":{"line":87,"column":4},"end":{"line":89,"column":35}},{"start":{"line":91,"column":4},"end":{"line":94,"column":37}},{"start":{"line":96,"column":4},"end":{"line":98,"column":49}},{"start":{"line":99,"column":4},"end":{"line":100,"column":62}},{"start":{"line":102,"column":4},"end":{"line":104,"column":53}},{"start":{"line":105,"column":4},"end":{"line":106,"column":59}},{"start":{"line":108,"column":4},"end":{"line":109,"column":64}},{"start":{"line":110,"column":4},"end":{"line":111,"column":55}},{"start":{"line":112,"column":4},"end":{"line":115,"column":60}},{"start":{"line":116,"column":4},"end":{"line":126,"column":24}},{"start":{"line":128,"column":4},"end":{"line":130,"column":37}},{"start":{"line":132,"column":4},"end":{"line":142,"column":7}},{"start":{"line":144,"column":4},"end":{"line":154,"column":7}},{"start":{"line":155,"column":4},"end":{"line":162,"column":40}}],"line":65},"3":{"loc":{"start":{"line":134,"column":6},"end":{"line":142,"column":7}},"type":"if","locations":[{"start":{"line":134,"column":6},"end":{"line":142,"column":7}},{"start":{"line":134,"column":6},"end":{"line":142,"column":7}}],"line":134},"4":{"loc":{"start":{"line":146,"column":6},"end":{"line":154,"column":7}},"type":"if","locations":[{"start":{"line":146,"column":6},"end":{"line":154,"column":7}},{"start":{"line":146,"column":6},"end":{"line":154,"column":7}}],"line":146}},"s":{"0":1,"1":1,"2":24,"3":0,"4":24,"5":1,"6":1,"7":1,"8":1,"9":1,"10":1,"11":1,"12":1,"13":1,"14":1,"15":1,"16":1,"17":2,"18":2,"19":1,"20":1,"21":1,"22":2,"23":2,"24":1,"25":1,"26":2,"27":2,"28":1,"29":1,"30":1,"31":0},"f":{"0":24},"b":{"0":[24],"1":[0,24],"2":[1,1,1,1,1,1,1,1,1,1,1,1,2,2,1,1,1,2,2,1],"3":[1,1],"4":[1,1]},"_coverageSchema":"332fd63041d2c1bcb487cc26dd0d5f7d97098a6c","hash":"2796fd99c8a55a706c1741631a5cc01e2ab99cb0"}
,"/home/rahul/reactcodebase/fareye-react/src/repositories/keyValueDb.js": {"path":"/home/rahul/reactcodebase/fareye-react/src/repositories/keyValueDb.js","statementMap":{"0":{"start":{"line":18,"column":29},"end":{"line":18,"column":31}},"1":{"start":{"line":18,"column":49},"end":{"line":18,"column":54}},"2":{"start":{"line":20,"column":8},"end":{"line":80,"column":9}},"3":{"start":{"line":22,"column":16},"end":{"line":22,"column":77}},"4":{"start":{"line":23,"column":16},"end":{"line":23,"column":22}},"5":{"start":{"line":25,"column":16},"end":{"line":25,"column":72}},"6":{"start":{"line":26,"column":16},"end":{"line":26,"column":22}},"7":{"start":{"line":28,"column":16},"end":{"line":28,"column":80}},"8":{"start":{"line":29,"column":16},"end":{"line":29,"column":22}},"9":{"start":{"line":31,"column":16},"end":{"line":31,"column":85}},"10":{"start":{"line":32,"column":16},"end":{"line":32,"column":22}},"11":{"start":{"line":34,"column":16},"end":{"line":34,"column":82}},"12":{"start":{"line":35,"column":16},"end":{"line":35,"column":22}},"13":{"start":{"line":37,"column":16},"end":{"line":37,"column":87}},"14":{"start":{"line":38,"column":16},"end":{"line":38,"column":22}},"15":{"start":{"line":40,"column":16},"end":{"line":40,"column":77}},"16":{"start":{"line":41,"column":16},"end":{"line":41,"column":22}},"17":{"start":{"line":43,"column":16},"end":{"line":43,"column":89}},"18":{"start":{"line":44,"column":16},"end":{"line":44,"column":22}},"19":{"start":{"line":46,"column":16},"end":{"line":46,"column":87}},"20":{"start":{"line":47,"column":16},"end":{"line":47,"column":22}},"21":{"start":{"line":49,"column":16},"end":{"line":49,"column":71}},"22":{"start":{"line":50,"column":16},"end":{"line":50,"column":22}},"23":{"start":{"line":52,"column":16},"end":{"line":52,"column":97}},"24":{"start":{"line":53,"column":16},"end":{"line":53,"column":22}},"25":{"start":{"line":55,"column":16},"end":{"line":55,"column":80}},"26":{"start":{"line":56,"column":16},"end":{"line":56,"column":22}},"27":{"start":{"line":58,"column":16},"end":{"line":58,"column":79}},"28":{"start":{"line":59,"column":16},"end":{"line":59,"column":22}},"29":{"start":{"line":61,"column":16},"end":{"line":61,"column":88}},"30":{"start":{"line":62,"column":16},"end":{"line":62,"column":22}},"31":{"start":{"line":64,"column":16},"end":{"line":64,"column":92}},"32":{"start":{"line":65,"column":16},"end":{"line":65,"column":22}},"33":{"start":{"line":67,"column":16},"end":{"line":67,"column":101}},"34":{"start":{"line":68,"column":16},"end":{"line":68,"column":22}},"35":{"start":{"line":70,"column":16},"end":{"line":70,"column":80}},"36":{"start":{"line":71,"column":16},"end":{"line":71,"column":22}},"37":{"start":{"line":73,"column":16},"end":{"line":73,"column":79}},"38":{"start":{"line":74,"column":16},"end":{"line":74,"column":22}},"39":{"start":{"line":76,"column":16},"end":{"line":76,"column":78}},"40":{"start":{"line":77,"column":16},"end":{"line":77,"column":22}},"41":{"start":{"line":79,"column":13},"end":{"line":79,"column":35}},"42":{"start":{"line":81,"column":8},"end":{"line":94,"column":9}},"43":{"start":{"line":82,"column":12},"end":{"line":88,"column":14}},"44":{"start":{"line":85,"column":16},"end":{"line":85,"column":28}},"45":{"start":{"line":87,"column":16},"end":{"line":87,"column":29}},"46":{"start":{"line":90,"column":32},"end":{"line":90,"column":66}},"47":{"start":{"line":91,"column":12},"end":{"line":93,"column":13}},"48":{"start":{"line":92,"column":16},"end":{"line":92,"column":66}},"49":{"start":{"line":98,"column":22},"end":{"line":98,"column":43}},"50":{"start":{"line":99,"column":8},"end":{"line":99,"column":21}},"51":{"start":{"line":104,"column":8},"end":{"line":109,"column":10}},"52":{"start":{"line":106,"column":12},"end":{"line":106,"column":24}},"53":{"start":{"line":108,"column":12},"end":{"line":108,"column":24}},"54":{"start":{"line":113,"column":24},"end":{"line":113,"column":40}}},"fnMap":{"0":{"name":"(anonymous_0)","decl":{"start":{"line":17,"column":4},"end":{"line":17,"column":5}},"loc":{"start":{"line":17,"column":43},"end":{"line":95,"column":5}},"line":17},"1":{"name":"(anonymous_1)","decl":{"start":{"line":84,"column":20},"end":{"line":84,"column":21}},"loc":{"start":{"line":84,"column":26},"end":{"line":86,"column":13}},"line":84},"2":{"name":"(anonymous_2)","decl":{"start":{"line":86,"column":21},"end":{"line":86,"column":22}},"loc":{"start":{"line":86,"column":30},"end":{"line":88,"column":13}},"line":86},"3":{"name":"(anonymous_3)","decl":{"start":{"line":97,"column":4},"end":{"line":97,"column":5}},"loc":{"start":{"line":97,"column":34},"end":{"line":100,"column":5}},"line":97},"4":{"name":"(anonymous_4)","decl":{"start":{"line":103,"column":4},"end":{"line":103,"column":5}},"loc":{"start":{"line":103,"column":37},"end":{"line":110,"column":5}},"line":103},"5":{"name":"(anonymous_5)","decl":{"start":{"line":105,"column":14},"end":{"line":105,"column":15}},"loc":{"start":{"line":105,"column":20},"end":{"line":107,"column":9}},"line":105},"6":{"name":"(anonymous_6)","decl":{"start":{"line":107,"column":17},"end":{"line":107,"column":18}},"loc":{"start":{"line":107,"column":26},"end":{"line":109,"column":9}},"line":107}},"branchMap":{"0":{"loc":{"start":{"line":20,"column":8},"end":{"line":80,"column":9}},"type":"switch","locations":[{"start":{"line":21,"column":12},"end":{"line":23,"column":22}},{"start":{"line":24,"column":12},"end":{"line":26,"column":22}},{"start":{"line":27,"column":12},"end":{"line":29,"column":22}},{"start":{"line":30,"column":12},"end":{"line":32,"column":22}},{"start":{"line":33,"column":12},"end":{"line":35,"column":22}},{"start":{"line":36,"column":12},"end":{"line":38,"column":22}},{"start":{"line":39,"column":12},"end":{"line":41,"column":22}},{"start":{"line":42,"column":12},"end":{"line":44,"column":22}},{"start":{"line":45,"column":12},"end":{"line":47,"column":22}},{"start":{"line":48,"column":12},"end":{"line":50,"column":22}},{"start":{"line":51,"column":12},"end":{"line":53,"column":22}},{"start":{"line":54,"column":12},"end":{"line":56,"column":22}},{"start":{"line":57,"column":12},"end":{"line":59,"column":22}},{"start":{"line":60,"column":12},"end":{"line":62,"column":22}},{"start":{"line":63,"column":12},"end":{"line":65,"column":22}},{"start":{"line":66,"column":12},"end":{"line":68,"column":22}},{"start":{"line":69,"column":12},"end":{"line":71,"column":22}},{"start":{"line":72,"column":12},"end":{"line":74,"column":22}},{"start":{"line":75,"column":12},"end":{"line":77,"column":22}},{"start":{"line":78,"column":12},"end":{"line":79,"column":35}}],"line":20},"1":{"loc":{"start":{"line":81,"column":8},"end":{"line":94,"column":9}},"type":"if","locations":[{"start":{"line":81,"column":8},"end":{"line":94,"column":9}},{"start":{"line":81,"column":8},"end":{"line":94,"column":9}}],"line":81},"2":{"loc":{"start":{"line":81,"column":12},"end":{"line":81,"column":72}},"type":"binary-expr","locations":[{"start":{"line":81,"column":12},"end":{"line":81,"column":17}},{"start":{"line":81,"column":22},"end":{"line":81,"column":36}},{"start":{"line":81,"column":40},"end":{"line":81,"column":71}}],"line":81},"3":{"loc":{"start":{"line":91,"column":12},"end":{"line":93,"column":13}},"type":"if","locations":[{"start":{"line":91,"column":12},"end":{"line":93,"column":13}},{"start":{"line":91,"column":12},"end":{"line":93,"column":13}}],"line":91}},"s":{"0":1,"1":1,"2":1,"3":0,"4":0,"5":0,"6":0,"7":0,"8":0,"9":0,"10":0,"11":0,"12":0,"13":0,"14":0,"15":0,"16":0,"17":0,"18":0,"19":0,"20":0,"21":0,"22":0,"23":0,"24":0,"25":0,"26":0,"27":0,"28":0,"29":0,"30":0,"31":0,"32":0,"33":0,"34":0,"35":0,"36":0,"37":0,"38":0,"39":0,"40":0,"41":1,"42":1,"43":1,"44":0,"45":1,"46":0,"47":0,"48":0,"49":0,"50":0,"51":0,"52":0,"53":0,"54":5},"f":{"0":1,"1":0,"2":1,"3":0,"4":0,"5":0,"6":0},"b":{"0":[0,0,0,0,0,0,0,0,0,0,0,0,0,0,0,0,0,0,0,1],"1":[1,0],"2":[1,1,0],"3":[0,0]},"_coverageSchema":"332fd63041d2c1bcb487cc26dd0d5f7d97098a6c","hash":"a949b943039739b7997528f27cf98b1c196ec93f"}
,"/home/rahul/reactcodebase/fareye-react/src/services/classes/Authentication.js": {"path":"/home/rahul/reactcodebase/fareye-react/src/services/classes/Authentication.js","statementMap":{"0":{"start":{"line":13,"column":4},"end":{"line":13,"column":42}},"1":{"start":{"line":38,"column":19},"end":{"line":38,"column":33}},"2":{"start":{"line":39,"column":8},"end":{"line":39,"column":43}},"3":{"start":{"line":40,"column":8},"end":{"line":40,"column":43}},"4":{"start":{"line":41,"column":8},"end":{"line":41,"column":58}},"5":{"start":{"line":42,"column":8},"end":{"line":42,"column":38}},"6":{"start":{"line":43,"column":37},"end":{"line":43,"column":111}},"7":{"start":{"line":44,"column":8},"end":{"line":44,"column":37}},"8":{"start":{"line":54,"column":8},"end":{"line":62,"column":9}},"9":{"start":{"line":55,"column":12},"end":{"line":55,"column":69}},"10":{"start":{"line":56,"column":12},"end":{"line":56,"column":69}},"11":{"start":{"line":57,"column":12},"end":{"line":57,"column":74}},"12":{"start":{"line":59,"column":12},"end":{"line":59,"column":60}},"13":{"start":{"line":60,"column":12},"end":{"line":60,"column":60}},"14":{"start":{"line":61,"column":12},"end":{"line":61,"column":63}},"15":{"start":{"line":70,"column":8},"end":{"line":72,"column":9}},"16":{"start":{"line":71,"column":12},"end":{"line":71,"column":44}},"17":{"start":{"line":73,"column":29},"end":{"line":73,"column":104}},"18":{"start":{"line":74,"column":8},"end":{"line":74,"column":29}},"19":{"start":{"line":79,"column":35},"end":{"line":79,"column":55}}},"fnMap":{"0":{"name":"(anonymous_0)","decl":{"start":{"line":37,"column":4},"end":{"line":37,"column":5}},"loc":{"start":{"line":37,"column":30},"end":{"line":45,"column":5}},"line":37},"1":{"name":"(anonymous_1)","decl":{"start":{"line":53,"column":4},"end":{"line":53,"column":5}},"loc":{"start":{"line":53,"column":57},"end":{"line":63,"column":5}},"line":53},"2":{"name":"(anonymous_2)","decl":{"start":{"line":69,"column":4},"end":{"line":69,"column":5}},"loc":{"start":{"line":69,"column":18},"end":{"line":75,"column":5}},"line":69}},"branchMap":{"0":{"loc":{"start":{"line":54,"column":8},"end":{"line":62,"column":9}},"type":"if","locations":[{"start":{"line":54,"column":8},"end":{"line":62,"column":9}},{"start":{"line":54,"column":8},"end":{"line":62,"column":9}}],"line":54},"1":{"loc":{"start":{"line":70,"column":8},"end":{"line":72,"column":9}},"type":"if","locations":[{"start":{"line":70,"column":8},"end":{"line":72,"column":9}},{"start":{"line":70,"column":8},"end":{"line":72,"column":9}}],"line":70}},"s":{"0":2,"1":1,"2":1,"3":1,"4":1,"5":1,"6":1,"7":1,"8":0,"9":0,"10":0,"11":0,"12":0,"13":0,"14":0,"15":2,"16":1,"17":1,"18":1,"19":2},"f":{"0":1,"1":0,"2":2},"b":{"0":[0,0],"1":[1,1]},"_coverageSchema":"332fd63041d2c1bcb487cc26dd0d5f7d97098a6c","hash":"04345cd8aa3a466a24a20c1077cb9bd0f0328243"}
,"/home/rahul/reactcodebase/fareye-react/src/services/classes/DeviceVerification.js": {"path":"/home/rahul/reactcodebase/fareye-react/src/services/classes/DeviceVerification.js","statementMap":{"0":{"start":{"line":16,"column":4},"end":{"line":16,"column":42}},"1":{"start":{"line":47,"column":4},"end":{"line":49,"column":5}},"2":{"start":{"line":48,"column":6},"end":{"line":48,"column":21}},"3":{"start":{"line":50,"column":4},"end":{"line":52,"column":5}},"4":{"start":{"line":51,"column":6},"end":{"line":51,"column":20}},"5":{"start":{"line":53,"column":21},"end":{"line":56,"column":6}},"6":{"start":{"line":57,"column":29},"end":{"line":57,"column":114}},"7":{"start":{"line":58,"column":4},"end":{"line":58,"column":73}},"8":{"start":{"line":59,"column":4},"end":{"line":59,"column":29}},"9":{"start":{"line":70,"column":22},"end":{"line":70,"column":56}},"10":{"start":{"line":71,"column":18},"end":{"line":71,"column":47}},"11":{"start":{"line":73,"column":4},"end":{"line":90,"column":5}},"12":{"start":{"line":74,"column":6},"end":{"line":77,"column":7}},"13":{"start":{"line":75,"column":8},"end":{"line":75,"column":39}},"14":{"start":{"line":76,"column":8},"end":{"line":76,"column":70}},"15":{"start":{"line":78,"column":6},"end":{"line":86,"column":7}},"16":{"start":{"line":79,"column":8},"end":{"line":79,"column":55}},"17":{"start":{"line":80,"column":8},"end":{"line":80,"column":21}},"18":{"start":{"line":81,"column":13},"end":{"line":86,"column":7}},"19":{"start":{"line":82,"column":8},"end":{"line":82,"column":20}},"20":{"start":{"line":84,"column":8},"end":{"line":84,"column":55}},"21":{"start":{"line":85,"column":8},"end":{"line":85,"column":21}},"22":{"start":{"line":88,"column":6},"end":{"line":88,"column":53}},"23":{"start":{"line":89,"column":6},"end":{"line":89,"column":19}},"24":{"start":{"line":98,"column":15},"end":{"line":98,"column":44}},"25":{"start":{"line":99,"column":4},"end":{"line":111,"column":5}},"26":{"start":{"line":101,"column":6},"end":{"line":107,"column":7}},"27":{"start":{"line":102,"column":8},"end":{"line":102,"column":45}},"28":{"start":{"line":103,"column":8},"end":{"line":103,"column":30}},"29":{"start":{"line":105,"column":8},"end":{"line":105,"column":41}},"30":{"start":{"line":106,"column":8},"end":{"line":106,"column":39}},"31":{"start":{"line":108,"column":6},"end":{"line":108,"column":53}},"32":{"start":{"line":109,"column":6},"end":{"line":109,"column":51}},"33":{"start":{"line":120,"column":23},"end":{"line":126,"column":5}},"34":{"start":{"line":127,"column":4},"end":{"line":127,"column":66}},"35":{"start":{"line":136,"column":22},"end":{"line":143,"column":5}},"36":{"start":{"line":145,"column":4},"end":{"line":145,"column":64}},"37":{"start":{"line":187,"column":30},"end":{"line":187,"column":133}},"38":{"start":{"line":188,"column":4},"end":{"line":188,"column":75}},"39":{"start":{"line":189,"column":4},"end":{"line":189,"column":30}},"40":{"start":{"line":204,"column":34},"end":{"line":204,"column":141}},"41":{"start":{"line":205,"column":4},"end":{"line":205,"column":83}},"42":{"start":{"line":206,"column":4},"end":{"line":206,"column":34}},"43":{"start":{"line":215,"column":4},"end":{"line":217,"column":5}},"44":{"start":{"line":216,"column":6},"end":{"line":216,"column":17}},"45":{"start":{"line":218,"column":4},"end":{"line":218,"column":16}},"46":{"start":{"line":222,"column":39},"end":{"line":222,"column":63}}},"fnMap":{"0":{"name":"(anonymous_0)","decl":{"start":{"line":46,"column":2},"end":{"line":46,"column":3}},"loc":{"start":{"line":46,"column":46},"end":{"line":60,"column":3}},"line":46},"1":{"name":"(anonymous_1)","decl":{"start":{"line":69,"column":2},"end":{"line":69,"column":3}},"loc":{"start":{"line":69,"column":48},"end":{"line":91,"column":3}},"line":69},"2":{"name":"(anonymous_2)","decl":{"start":{"line":97,"column":2},"end":{"line":97,"column":3}},"loc":{"start":{"line":97,"column":45},"end":{"line":112,"column":3}},"line":97},"3":{"name":"(anonymous_3)","decl":{"start":{"line":119,"column":2},"end":{"line":119,"column":3}},"loc":{"start":{"line":119,"column":39},"end":{"line":128,"column":3}},"line":119},"4":{"name":"(anonymous_4)","decl":{"start":{"line":135,"column":2},"end":{"line":135,"column":3}},"loc":{"start":{"line":135,"column":37},"end":{"line":146,"column":3}},"line":135},"5":{"name":"(anonymous_5)","decl":{"start":{"line":186,"column":2},"end":{"line":186,"column":3}},"loc":{"start":{"line":186,"column":32},"end":{"line":190,"column":3}},"line":186},"6":{"name":"(anonymous_6)","decl":{"start":{"line":203,"column":2},"end":{"line":203,"column":3}},"loc":{"start":{"line":203,"column":30},"end":{"line":208,"column":3}},"line":203},"7":{"name":"(anonymous_7)","decl":{"start":{"line":214,"column":2},"end":{"line":214,"column":3}},"loc":{"start":{"line":214,"column":37},"end":{"line":219,"column":3}},"line":214}},"branchMap":{"0":{"loc":{"start":{"line":47,"column":4},"end":{"line":49,"column":5}},"type":"if","locations":[{"start":{"line":47,"column":4},"end":{"line":49,"column":5}},{"start":{"line":47,"column":4},"end":{"line":49,"column":5}}],"line":47},"1":{"loc":{"start":{"line":50,"column":4},"end":{"line":52,"column":5}},"type":"if","locations":[{"start":{"line":50,"column":4},"end":{"line":52,"column":5}},{"start":{"line":50,"column":4},"end":{"line":52,"column":5}}],"line":50},"2":{"loc":{"start":{"line":70,"column":22},"end":{"line":70,"column":56}},"type":"cond-expr","locations":[{"start":{"line":70,"column":31},"end":{"line":70,"column":52}},{"start":{"line":70,"column":55},"end":{"line":70,"column":56}}],"line":70},"3":{"loc":{"start":{"line":71,"column":18},"end":{"line":71,"column":47}},"type":"cond-expr","locations":[{"start":{"line":71,"column":27},"end":{"line":71,"column":43}},{"start":{"line":71,"column":46},"end":{"line":71,"column":47}}],"line":71},"4":{"loc":{"start":{"line":73,"column":4},"end":{"line":90,"column":5}},"type":"if","locations":[{"start":{"line":73,"column":4},"end":{"line":90,"column":5}},{"start":{"line":73,"column":4},"end":{"line":90,"column":5}}],"line":73},"5":{"loc":{"start":{"line":73,"column":8},"end":{"line":73,"column":31}},"type":"binary-expr","locations":[{"start":{"line":73,"column":8},"end":{"line":73,"column":18}},{"start":{"line":73,"column":22},"end":{"line":73,"column":31}}],"line":73},"6":{"loc":{"start":{"line":74,"column":6},"end":{"line":77,"column":7}},"type":"if","locations":[{"start":{"line":74,"column":6},"end":{"line":77,"column":7}},{"start":{"line":74,"column":6},"end":{"line":77,"column":7}}],"line":74},"7":{"loc":{"start":{"line":78,"column":6},"end":{"line":86,"column":7}},"type":"if","locations":[{"start":{"line":78,"column":6},"end":{"line":86,"column":7}},{"start":{"line":78,"column":6},"end":{"line":86,"column":7}}],"line":78},"8":{"loc":{"start":{"line":81,"column":13},"end":{"line":86,"column":7}},"type":"if","locations":[{"start":{"line":81,"column":13},"end":{"line":86,"column":7}},{"start":{"line":81,"column":13},"end":{"line":86,"column":7}}],"line":81},"9":{"loc":{"start":{"line":81,"column":17},"end":{"line":81,"column":86}},"type":"binary-expr","locations":[{"start":{"line":81,"column":17},"end":{"line":81,"column":43}},{"start":{"line":81,"column":47},"end":{"line":81,"column":86}}],"line":81},"10":{"loc":{"start":{"line":101,"column":6},"end":{"line":107,"column":7}},"type":"if","locations":[{"start":{"line":101,"column":6},"end":{"line":107,"column":7}},{"start":{"line":101,"column":6},"end":{"line":107,"column":7}}],"line":101},"11":{"loc":{"start":{"line":215,"column":4},"end":{"line":217,"column":5}},"type":"if","locations":[{"start":{"line":215,"column":4},"end":{"line":217,"column":5}},{"start":{"line":215,"column":4},"end":{"line":217,"column":5}}],"line":215}},"s":{"0":2,"1":0,"2":0,"3":0,"4":0,"5":0,"6":0,"7":0,"8":0,"9":0,"10":0,"11":0,"12":0,"13":0,"14":0,"15":0,"16":0,"17":0,"18":0,"19":0,"20":0,"21":0,"22":0,"23":0,"24":0,"25":0,"26":0,"27":0,"28":0,"29":0,"30":0,"31":0,"32":0,"33":0,"34":0,"35":0,"36":0,"37":0,"38":0,"39":0,"40":0,"41":0,"42":0,"43":1,"44":1,"45":0,"46":2},"f":{"0":0,"1":0,"2":0,"3":0,"4":0,"5":0,"6":0,"7":1},"b":{"0":[0,0],"1":[0,0],"2":[0,0],"3":[0,0],"4":[0,0],"5":[0,0],"6":[0,0],"7":[0,0],"8":[0,0],"9":[0,0],"10":[0,0],"11":[1,0]},"_coverageSchema":"332fd63041d2c1bcb487cc26dd0d5f7d97098a6c","hash":"ffed54d6ecf4cb86fb3ec0b0dd2f2833818e5f38"}
,"/home/rahul/reactcodebase/fareye-react/src/services/classes/JobMaster.js": {"path":"/home/rahul/reactcodebase/fareye-react/src/services/classes/JobMaster.js","statementMap":{"0":{"start":{"line":34,"column":4},"end":{"line":34,"column":42}},"1":{"start":{"line":87,"column":4},"end":{"line":89,"column":5}},"2":{"start":{"line":88,"column":6},"end":{"line":88,"column":38}},"3":{"start":{"line":90,"column":19},"end":{"line":90,"column":21}},"4":{"start":{"line":91,"column":32},"end":{"line":91,"column":33}},"5":{"start":{"line":92,"column":24},"end":{"line":92,"column":25}},"6":{"start":{"line":93,"column":4},"end":{"line":113,"column":5}},"7":{"start":{"line":94,"column":6},"end":{"line":94,"column":21}},"8":{"start":{"line":95,"column":6},"end":{"line":95,"column":20}},"9":{"start":{"line":96,"column":6},"end":{"line":96,"column":80}},"10":{"start":{"line":97,"column":6},"end":{"line":97,"column":51}},"11":{"start":{"line":98,"column":6},"end":{"line":103,"column":8}},"12":{"start":{"line":104,"column":11},"end":{"line":113,"column":5}},"13":{"start":{"line":105,"column":6},"end":{"line":105,"column":80}},"14":{"start":{"line":106,"column":6},"end":{"line":106,"column":51}},"15":{"start":{"line":107,"column":6},"end":{"line":112,"column":8}},"16":{"start":{"line":114,"column":28},"end":{"line":114,"column":112}},"17":{"start":{"line":115,"column":4},"end":{"line":115,"column":71}},"18":{"start":{"line":116,"column":4},"end":{"line":116,"column":28}},"19":{"start":{"line":124,"column":4},"end":{"line":124,"column":70}},"20":{"start":{"line":125,"column":4},"end":{"line":125,"column":58}},"21":{"start":{"line":126,"column":4},"end":{"line":126,"column":81}},"22":{"start":{"line":127,"column":4},"end":{"line":127,"column":92}},"23":{"start":{"line":128,"column":4},"end":{"line":128,"column":85}},"24":{"start":{"line":129,"column":4},"end":{"line":129,"column":96}},"25":{"start":{"line":130,"column":4},"end":{"line":130,"column":69}},"26":{"start":{"line":131,"column":4},"end":{"line":131,"column":94}},"27":{"start":{"line":132,"column":4},"end":{"line":132,"column":92}},"28":{"start":{"line":133,"column":4},"end":{"line":133,"column":69}},"29":{"start":{"line":134,"column":4},"end":{"line":134,"column":113}},"30":{"start":{"line":135,"column":4},"end":{"line":135,"column":79}},"31":{"start":{"line":136,"column":4},"end":{"line":136,"column":78}},"32":{"start":{"line":137,"column":4},"end":{"line":137,"column":100}},"33":{"start":{"line":138,"column":4},"end":{"line":138,"column":107}},"34":{"start":{"line":139,"column":4},"end":{"line":139,"column":126}},"35":{"start":{"line":140,"column":4},"end":{"line":140,"column":78}},"36":{"start":{"line":141,"column":4},"end":{"line":141,"column":73}},"37":{"start":{"line":142,"column":4},"end":{"line":142,"column":71}},"38":{"start":{"line":152,"column":31},"end":{"line":152,"column":49}},"39":{"start":{"line":153,"column":4},"end":{"line":155,"column":5}},"40":{"start":{"line":154,"column":6},"end":{"line":154,"column":53}},"41":{"start":{"line":156,"column":32},"end":{"line":156,"column":40}},"42":{"start":{"line":157,"column":4},"end":{"line":159,"column":5}},"43":{"start":{"line":158,"column":6},"end":{"line":158,"column":60}},"44":{"start":{"line":163,"column":30},"end":{"line":163,"column":45}}},"fnMap":{"0":{"name":"(anonymous_0)","decl":{"start":{"line":86,"column":2},"end":{"line":86,"column":3}},"loc":{"start":{"line":86,"column":62},"end":{"line":117,"column":3}},"line":86},"1":{"name":"(anonymous_1)","decl":{"start":{"line":123,"column":2},"end":{"line":123,"column":3}},"loc":{"start":{"line":123,"column":22},"end":{"line":143,"column":3}},"line":123},"2":{"name":"(anonymous_2)","decl":{"start":{"line":151,"column":2},"end":{"line":151,"column":3}},"loc":{"start":{"line":151,"column":44},"end":{"line":160,"column":3}},"line":151}},"branchMap":{"0":{"loc":{"start":{"line":87,"column":4},"end":{"line":89,"column":5}},"type":"if","locations":[{"start":{"line":87,"column":4},"end":{"line":89,"column":5}},{"start":{"line":87,"column":4},"end":{"line":89,"column":5}}],"line":87},"1":{"loc":{"start":{"line":93,"column":4},"end":{"line":113,"column":5}},"type":"if","locations":[{"start":{"line":93,"column":4},"end":{"line":113,"column":5}},{"start":{"line":93,"column":4},"end":{"line":113,"column":5}}],"line":93},"2":{"loc":{"start":{"line":93,"column":8},"end":{"line":93,"column":49}},"type":"binary-expr","locations":[{"start":{"line":93,"column":9},"end":{"line":93,"column":20}},{"start":{"line":93,"column":24},"end":{"line":93,"column":34}},{"start":{"line":93,"column":39},"end":{"line":93,"column":49}}],"line":93},"3":{"loc":{"start":{"line":104,"column":11},"end":{"line":113,"column":5}},"type":"if","locations":[{"start":{"line":104,"column":11},"end":{"line":113,"column":5}},{"start":{"line":104,"column":11},"end":{"line":113,"column":5}}],"line":104},"4":{"loc":{"start":{"line":153,"column":4},"end":{"line":155,"column":5}},"type":"if","locations":[{"start":{"line":153,"column":4},"end":{"line":155,"column":5}},{"start":{"line":153,"column":4},"end":{"line":155,"column":5}}],"line":153},"5":{"loc":{"start":{"line":157,"column":4},"end":{"line":159,"column":5}},"type":"if","locations":[{"start":{"line":157,"column":4},"end":{"line":159,"column":5}},{"start":{"line":157,"column":4},"end":{"line":159,"column":5}}],"line":157}},"s":{"0":2,"1":4,"2":1,"3":3,"4":3,"5":3,"6":3,"7":0,"8":0,"9":0,"10":0,"11":0,"12":3,"13":2,"14":1,"15":1,"16":2,"17":2,"18":2,"19":0,"20":0,"21":0,"22":0,"23":0,"24":0,"25":0,"26":0,"27":0,"28":0,"29":0,"30":0,"31":0,"32":0,"33":0,"34":0,"35":0,"36":0,"37":0,"38":0,"39":0,"40":0,"41":0,"42":0,"43":0,"44":2},"f":{"0":4,"1":0,"2":0},"b":{"0":[1,3],"1":[0,3],"2":[3,2,1],"3":[2,1],"4":[0,0],"5":[0,0]},"_coverageSchema":"332fd63041d2c1bcb487cc26dd0d5f7d97098a6c","hash":"4de9ef77002f1c6155c4c38fe57a356185f65d7c"}
,"/home/rahul/reactcodebase/fareye-react/src/services/classes/KeyValueDBService.js": {"path":"/home/rahul/reactcodebase/fareye-react/src/services/classes/KeyValueDBService.js","statementMap":{"0":{"start":{"line":13,"column":27},"end":{"line":13,"column":75}},"1":{"start":{"line":14,"column":8},"end":{"line":14,"column":25}},"2":{"start":{"line":22,"column":27},"end":{"line":22,"column":67}},"3":{"start":{"line":23,"column":8},"end":{"line":23,"column":26}},"4":{"start":{"line":27,"column":27},"end":{"line":27,"column":70}},"5":{"start":{"line":32,"column":31},"end":{"line":32,"column":47}}},"fnMap":{"0":{"name":"(anonymous_0)","decl":{"start":{"line":12,"column":5},"end":{"line":12,"column":6}},"loc":{"start":{"line":12,"column":43},"end":{"line":15,"column":5}},"line":12},"1":{"name":"(anonymous_1)","decl":{"start":{"line":21,"column":4},"end":{"line":21,"column":5}},"loc":{"start":{"line":21,"column":34},"end":{"line":24,"column":5}},"line":21},"2":{"name":"(anonymous_2)","decl":{"start":{"line":26,"column":4},"end":{"line":26,"column":5}},"loc":{"start":{"line":26,"column":37},"end":{"line":28,"column":5}},"line":26}},"branchMap":{},"s":{"0":1,"1":1,"2":0,"3":0,"4":0,"5":5},"f":{"0":1,"1":0,"2":0},"b":{},"_coverageSchema":"332fd63041d2c1bcb487cc26dd0d5f7d97098a6c","hash":"75ee211f956b6fe4e75f52c6d416bbdb6bedf7f1"}
}
