{"/Users/gauravsrivastava/JavaDev/FareyeReact/src/lib/AppAuthToken.js": {"path":"/Users/gauravsrivastava/JavaDev/FareyeReact/src/lib/AppAuthToken.js","statementMap":{"0":{"start":{"line":23,"column":4},"end":{"line":23,"column":53}},"1":{"start":{"line":31,"column":4},"end":{"line":33,"column":6}},"2":{"start":{"line":42,"column":4},"end":{"line":42,"column":44}},"3":{"start":{"line":50,"column":4},"end":{"line":50,"column":47}},"4":{"start":{"line":54,"column":26},"end":{"line":54,"column":44}}},"fnMap":{"0":{"name":"(anonymous_0)","decl":{"start":{"line":22,"column":2},"end":{"line":22,"column":3}},"loc":{"start":{"line":22,"column":17},"end":{"line":24,"column":3}},"line":22},"1":{"name":"(anonymous_1)","decl":{"start":{"line":30,"column":2},"end":{"line":30,"column":3}},"loc":{"start":{"line":30,"column":35},"end":{"line":34,"column":3}},"line":30},"2":{"name":"(anonymous_2)","decl":{"start":{"line":41,"column":2},"end":{"line":41,"column":3}},"loc":{"start":{"line":41,"column":21},"end":{"line":43,"column":3}},"line":41},"3":{"name":"(anonymous_3)","decl":{"start":{"line":49,"column":2},"end":{"line":49,"column":3}},"loc":{"start":{"line":49,"column":24},"end":{"line":51,"column":3}},"line":49}},"branchMap":{},"s":{"0":1,"1":0,"2":0,"3":0,"4":1},"f":{"0":1,"1":0,"2":0,"3":0},"b":{},"_coverageSchema":"332fd63041d2c1bcb487cc26dd0d5f7d97098a6c","hash":"455e0bec40bec3fe56ee26c025c1ff26c3975c82"}
,"/Users/gauravsrivastava/JavaDev/FareyeReact/src/lib/Backend.js": {"path":"/Users/gauravsrivastava/JavaDev/FareyeReact/src/lib/Backend.js","statementMap":{"0":{"start":{"line":12,"column":0},"end":{"line":12,"column":30}}},"fnMap":{"0":{"name":"(anonymous_0)","decl":{"start":{"line":32,"column":2},"end":{"line":32,"column":3}},"loc":{"start":{"line":32,"column":29},"end":{"line":34,"column":3}},"line":32},"1":{"name":"(anonymous_1)","decl":{"start":{"line":40,"column":2},"end":{"line":40,"column":3}},"loc":{"start":{"line":40,"column":12},"end":{"line":42,"column":3}},"line":40},"2":{"name":"(anonymous_2)","decl":{"start":{"line":54,"column":2},"end":{"line":54,"column":3}},"loc":{"start":{"line":54,"column":85},"end":{"line":56,"column":3}},"line":54}},"branchMap":{},"s":{"0":1},"f":{"0":0,"1":0,"2":0},"b":{},"_coverageSchema":"332fd63041d2c1bcb487cc26dd0d5f7d97098a6c","hash":"8328dca5dc118f6afda37827fde3aa0706e13b2a"}
,"/Users/gauravsrivastava/JavaDev/FareyeReact/src/lib/BackendFactory.js": {"path":"/Users/gauravsrivastava/JavaDev/FareyeReact/src/lib/BackendFactory.js","statementMap":{"0":{"start":{"line":13,"column":2},"end":{"line":16,"column":3}},"1":{"start":{"line":14,"column":4},"end":{"line":14,"column":29}},"2":{"start":{"line":15,"column":4},"end":{"line":15,"column":18}}},"fnMap":{"0":{"name":"BackendFactory","decl":{"start":{"line":12,"column":24},"end":{"line":12,"column":38}},"loc":{"start":{"line":12,"column":54},"end":{"line":17,"column":1}},"line":12}},"branchMap":{"0":{"loc":{"start":{"line":12,"column":40},"end":{"line":12,"column":52}},"type":"default-arg","locations":[{"start":{"line":12,"column":48},"end":{"line":12,"column":52}}],"line":12},"1":{"loc":{"start":{"line":13,"column":2},"end":{"line":16,"column":3}},"type":"if","locations":[{"start":{"line":13,"column":2},"end":{"line":16,"column":3}},{"start":{"line":13,"column":2},"end":{"line":16,"column":3}}],"line":13},"2":{"loc":{"start":{"line":13,"column":6},"end":{"line":13,"column":69}},"type":"binary-expr","locations":[{"start":{"line":13,"column":6},"end":{"line":13,"column":37}},{"start":{"line":13,"column":41},"end":{"line":13,"column":69}}],"line":13}},"s":{"0":0,"1":0,"2":0},"f":{"0":0},"b":{"0":[0],"1":[0,0],"2":[0,0]},"_coverageSchema":"332fd63041d2c1bcb487cc26dd0d5f7d97098a6c","hash":"6341bd5f32bea99bdbb1f228f2249853503f9288"}
,"/Users/gauravsrivastava/JavaDev/FareyeReact/src/lib/RestAPI.js": {"path":"/Users/gauravsrivastava/JavaDev/FareyeReact/src/lib/RestAPI.js","statementMap":{"0":{"start":{"line":26,"column":4},"end":{"line":28,"column":5}},"1":{"start":{"line":27,"column":6},"end":{"line":27,"column":37}},"2":{"start":{"line":29,"column":4},"end":{"line":29,"column":68}},"3":{"start":{"line":31,"column":4},"end":{"line":33,"column":37}},"4":{"start":{"line":46,"column":14},"end":{"line":46,"column":42}},"5":{"start":{"line":47,"column":4},"end":{"line":50,"column":5}},"6":{"start":{"line":48,"column":6},"end":{"line":48,"column":23}},"7":{"start":{"line":49,"column":6},"end":{"line":49,"column":49}},"8":{"start":{"line":51,"column":21},"end":{"line":51,"column":43}},"9":{"start":{"line":52,"column":36},"end":{"line":52,"column":44}},"10":{"start":{"line":53,"column":14},"end":{"line":58,"column":5}},"11":{"start":{"line":59,"column":4},"end":{"line":61,"column":5}},"12":{"start":{"line":60,"column":6},"end":{"line":60,"column":38}},"13":{"start":{"line":62,"column":4},"end":{"line":62,"column":14}},"14":{"start":{"line":70,"column":6},"end":{"line":77,"column":9}},"15":{"start":{"line":71,"column":8},"end":{"line":76,"column":9}},"16":{"start":{"line":75,"column":10},"end":{"line":75,"column":30}},"17":{"start":{"line":78,"column":6},"end":{"line":78,"column":21}},"18":{"start":{"line":81,"column":4},"end":{"line":81,"column":22}},"19":{"start":{"line":102,"column":15},"end":{"line":102,"column":29}},"20":{"start":{"line":103,"column":4},"end":{"line":103,"column":39}},"21":{"start":{"line":104,"column":4},"end":{"line":104,"column":39}},"22":{"start":{"line":105,"column":4},"end":{"line":105,"column":54}},"23":{"start":{"line":106,"column":4},"end":{"line":106,"column":34}},"24":{"start":{"line":107,"column":4},"end":{"line":125,"column":8}},"25":{"start":{"line":116,"column":8},"end":{"line":121,"column":9}},"26":{"start":{"line":118,"column":10},"end":{"line":118,"column":67}},"27":{"start":{"line":120,"column":10},"end":{"line":120,"column":45}},"28":{"start":{"line":124,"column":8},"end":{"line":124,"column":21}},"29":{"start":{"line":132,"column":4},"end":{"line":146,"column":8}},"30":{"start":{"line":138,"column":8},"end":{"line":142,"column":9}},"31":{"start":{"line":139,"column":10},"end":{"line":139,"column":19}},"32":{"start":{"line":141,"column":10},"end":{"line":141,"column":69}},"33":{"start":{"line":145,"column":8},"end":{"line":145,"column":21}},"34":{"start":{"line":162,"column":21},"end":{"line":167,"column":6}},"35":{"start":{"line":168,"column":4},"end":{"line":185,"column":6}},"36":{"start":{"line":178,"column":6},"end":{"line":181,"column":7}},"37":{"start":{"line":179,"column":22},"end":{"line":179,"column":48}},"38":{"start":{"line":180,"column":8},"end":{"line":180,"column":23}},"39":{"start":{"line":184,"column":6},"end":{"line":184,"column":19}},"40":{"start":{"line":189,"column":21},"end":{"line":189,"column":34}}},"fnMap":{"0":{"name":"(anonymous_0)","decl":{"start":{"line":25,"column":2},"end":{"line":25,"column":3}},"loc":{"start":{"line":25,"column":21},"end":{"line":34,"column":3}},"line":25},"1":{"name":"(anonymous_1)","decl":{"start":{"line":45,"column":2},"end":{"line":45,"column":3}},"loc":{"start":{"line":45,"column":22},"end":{"line":63,"column":3}},"line":45},"2":{"name":"(anonymous_2)","decl":{"start":{"line":68,"column":2},"end":{"line":68,"column":3}},"loc":{"start":{"line":68,"column":19},"end":{"line":82,"column":3}},"line":68},"3":{"name":"prune","decl":{"start":{"line":69,"column":13},"end":{"line":69,"column":18}},"loc":{"start":{"line":69,"column":28},"end":{"line":80,"column":5}},"line":69},"4":{"name":"(anonymous_4)","decl":{"start":{"line":70,"column":25},"end":{"line":70,"column":26}},"loc":{"start":{"line":70,"column":47},"end":{"line":77,"column":7}},"line":70},"5":{"name":"(anonymous_5)","decl":{"start":{"line":101,"column":2},"end":{"line":101,"column":3}},"loc":{"start":{"line":101,"column":34},"end":{"line":126,"column":3}},"line":101},"6":{"name":"(anonymous_6)","decl":{"start":{"line":115,"column":12},"end":{"line":115,"column":13}},"loc":{"start":{"line":115,"column":21},"end":{"line":122,"column":7}},"line":115},"7":{"name":"(anonymous_7)","decl":{"start":{"line":123,"column":13},"end":{"line":123,"column":14}},"loc":{"start":{"line":123,"column":24},"end":{"line":125,"column":7}},"line":123},"8":{"name":"(anonymous_8)","decl":{"start":{"line":131,"column":2},"end":{"line":131,"column":3}},"loc":{"start":{"line":131,"column":18},"end":{"line":147,"column":3}},"line":131},"9":{"name":"(anonymous_9)","decl":{"start":{"line":136,"column":12},"end":{"line":136,"column":13}},"loc":{"start":{"line":136,"column":21},"end":{"line":143,"column":7}},"line":136},"10":{"name":"(anonymous_10)","decl":{"start":{"line":144,"column":13},"end":{"line":144,"column":14}},"loc":{"start":{"line":144,"column":24},"end":{"line":146,"column":7}},"line":144},"11":{"name":"(anonymous_11)","decl":{"start":{"line":161,"column":2},"end":{"line":161,"column":3}},"loc":{"start":{"line":161,"column":91},"end":{"line":186,"column":3}},"line":161},"12":{"name":"(anonymous_12)","decl":{"start":{"line":177,"column":10},"end":{"line":177,"column":11}},"loc":{"start":{"line":177,"column":19},"end":{"line":182,"column":5}},"line":177},"13":{"name":"(anonymous_13)","decl":{"start":{"line":183,"column":11},"end":{"line":183,"column":12}},"loc":{"start":{"line":183,"column":22},"end":{"line":185,"column":5}},"line":183}},"branchMap":{"0":{"loc":{"start":{"line":26,"column":4},"end":{"line":28,"column":5}},"type":"if","locations":[{"start":{"line":26,"column":4},"end":{"line":28,"column":5}},{"start":{"line":26,"column":4},"end":{"line":28,"column":5}}],"line":26},"1":{"loc":{"start":{"line":26,"column":8},"end":{"line":26,"column":61}},"type":"binary-expr","locations":[{"start":{"line":26,"column":8},"end":{"line":26,"column":24}},{"start":{"line":26,"column":28},"end":{"line":26,"column":61}}],"line":26},"2":{"loc":{"start":{"line":29,"column":25},"end":{"line":29,"column":68}},"type":"cond-expr","locations":[{"start":{"line":29,"column":43},"end":{"line":29,"column":47}},{"start":{"line":29,"column":50},"end":{"line":29,"column":68}}],"line":29},"3":{"loc":{"start":{"line":31,"column":24},"end":{"line":33,"column":37}},"type":"cond-expr","locations":[{"start":{"line":32,"column":12},"end":{"line":32,"column":40}},{"start":{"line":33,"column":12},"end":{"line":33,"column":37}}],"line":31},"4":{"loc":{"start":{"line":47,"column":4},"end":{"line":50,"column":5}},"type":"if","locations":[{"start":{"line":47,"column":4},"end":{"line":50,"column":5}},{"start":{"line":47,"column":4},"end":{"line":50,"column":5}}],"line":47},"5":{"loc":{"start":{"line":59,"column":4},"end":{"line":61,"column":5}},"type":"if","locations":[{"start":{"line":59,"column":4},"end":{"line":61,"column":5}},{"start":{"line":59,"column":4},"end":{"line":61,"column":5}}],"line":59},"6":{"loc":{"start":{"line":71,"column":8},"end":{"line":76,"column":9}},"type":"if","locations":[{"start":{"line":71,"column":8},"end":{"line":76,"column":9}},{"start":{"line":71,"column":8},"end":{"line":76,"column":9}}],"line":71},"7":{"loc":{"start":{"line":71,"column":12},"end":{"line":73,"column":57}},"type":"binary-expr","locations":[{"start":{"line":71,"column":12},"end":{"line":71,"column":32}},{"start":{"line":71,"column":36},"end":{"line":71,"column":51}},{"start":{"line":71,"column":55},"end":{"line":71,"column":69}},{"start":{"line":72,"column":12},"end":{"line":72,"column":29}},{"start":{"line":72,"column":33},"end":{"line":72,"column":49}},{"start":{"line":73,"column":12},"end":{"line":73,"column":29}},{"start":{"line":73,"column":33},"end":{"line":73,"column":56}}],"line":71},"8":{"loc":{"start":{"line":116,"column":8},"end":{"line":121,"column":9}},"type":"if","locations":[{"start":{"line":116,"column":8},"end":{"line":121,"column":9}},{"start":{"line":116,"column":8},"end":{"line":121,"column":9}}],"line":116},"9":{"loc":{"start":{"line":116,"column":12},"end":{"line":116,"column":52}},"type":"binary-expr","locations":[{"start":{"line":116,"column":12},"end":{"line":116,"column":30}},{"start":{"line":116,"column":34},"end":{"line":116,"column":52}}],"line":116},"10":{"loc":{"start":{"line":138,"column":8},"end":{"line":142,"column":9}},"type":"if","locations":[{"start":{"line":138,"column":8},"end":{"line":142,"column":9}},{"start":{"line":138,"column":8},"end":{"line":142,"column":9}}],"line":138},"11":{"loc":{"start":{"line":138,"column":13},"end":{"line":138,"column":53}},"type":"binary-expr","locations":[{"start":{"line":138,"column":13},"end":{"line":138,"column":31}},{"start":{"line":138,"column":35},"end":{"line":138,"column":53}}],"line":138},"12":{"loc":{"start":{"line":178,"column":6},"end":{"line":181,"column":7}},"type":"if","locations":[{"start":{"line":178,"column":6},"end":{"line":181,"column":7}},{"start":{"line":178,"column":6},"end":{"line":181,"column":7}}],"line":178}},"s":{"0":0,"1":0,"2":0,"3":0,"4":0,"5":0,"6":0,"7":0,"8":0,"9":0,"10":0,"11":0,"12":0,"13":0,"14":0,"15":0,"16":0,"17":0,"18":0,"19":0,"20":0,"21":0,"22":0,"23":0,"24":0,"25":0,"26":0,"27":0,"28":0,"29":0,"30":0,"31":0,"32":0,"33":0,"34":0,"35":0,"36":0,"37":0,"38":0,"39":0,"40":1},"f":{"0":0,"1":0,"2":0,"3":0,"4":0,"5":0,"6":0,"7":0,"8":0,"9":0,"10":0,"11":0,"12":0,"13":0},"b":{"0":[0,0],"1":[0,0],"2":[0,0],"3":[0,0],"4":[0,0],"5":[0,0],"6":[0,0],"7":[0,0,0,0,0,0,0],"8":[0,0],"9":[0,0],"10":[0,0],"11":[0,0],"12":[0,0]},"_coverageSchema":"332fd63041d2c1bcb487cc26dd0d5f7d97098a6c","hash":"0905285aa33997e56b8fcfea37e219919a666b44"}
,"/Users/gauravsrivastava/JavaDev/FareyeReact/src/lib/config.js": {"path":"/Users/gauravsrivastava/JavaDev/FareyeReact/src/lib/config.js","statementMap":{"0":{"start":{"line":1,"column":0},"end":{"line":15,"column":1}}},"fnMap":{},"branchMap":{},"s":{"0":1},"f":{},"b":{},"_coverageSchema":"332fd63041d2c1bcb487cc26dd0d5f7d97098a6c","hash":"7ce718bd5b1cf74434a159aec6b7cc1721cdd795"}
,"/Users/gauravsrivastava/JavaDev/FareyeReact/src/lib/constants.js": {"path":"/Users/gauravsrivastava/JavaDev/FareyeReact/src/lib/constants.js","statementMap":{},"fnMap":{},"branchMap":{},"s":{},"f":{},"b":{},"_coverageSchema":"332fd63041d2c1bcb487cc26dd0d5f7d97098a6c","hash":"4e059dc02afbf6e62e18c056aaed9e5ba1567037"}
,"/Users/gauravsrivastava/JavaDev/FareyeReact/src/reducers/auth/authActions.js": {"path":"/Users/gauravsrivastava/JavaDev/FareyeReact/src/reducers/auth/authActions.js","statementMap":{"0":{"start":{"line":28,"column":4},"end":{"line":28,"column":42}},"1":{"start":{"line":30,"column":23},"end":{"line":30,"column":66}},"2":{"start":{"line":42,"column":2},"end":{"line":44,"column":3}},"3":{"start":{"line":48,"column":2},"end":{"line":50,"column":3}},"4":{"start":{"line":57,"column":2},"end":{"line":59,"column":3}},"5":{"start":{"line":63,"column":2},"end":{"line":66,"column":3}},"6":{"start":{"line":70,"column":2},"end":{"line":73,"column":3}},"7":{"start":{"line":77,"column":2},"end":{"line":79,"column":3}},"8":{"start":{"line":83,"column":2},"end":{"line":85,"column":3}},"9":{"start":{"line":92,"column":2},"end":{"line":94,"column":3}},"10":{"start":{"line":97,"column":2},"end":{"line":100,"column":3}},"11":{"start":{"line":103,"column":2},"end":{"line":106,"column":3}},"12":{"start":{"line":113,"column":2},"end":{"line":115,"column":3}},"13":{"start":{"line":118,"column":2},"end":{"line":120,"column":3}},"14":{"start":{"line":130,"column":2},"end":{"line":130,"column":52}},"15":{"start":{"line":138,"column":2},"end":{"line":141,"column":3}},"16":{"start":{"line":148,"column":2},"end":{"line":150,"column":3}},"17":{"start":{"line":154,"column":2},"end":{"line":156,"column":3}},"18":{"start":{"line":159,"column":2},"end":{"line":162,"column":3}},"19":{"start":{"line":172,"column":2},"end":{"line":176,"column":3}},"20":{"start":{"line":173,"column":4},"end":{"line":173,"column":34}},"21":{"start":{"line":174,"column":4},"end":{"line":174,"column":43}},"22":{"start":{"line":175,"column":4},"end":{"line":175,"column":41}},"23":{"start":{"line":193,"column":2},"end":{"line":210,"column":3}},"24":{"start":{"line":194,"column":4},"end":{"line":209,"column":5}},"25":{"start":{"line":195,"column":6},"end":{"line":195,"column":30}},"26":{"start":{"line":196,"column":26},"end":{"line":196,"column":73}},"27":{"start":{"line":197,"column":6},"end":{"line":197,"column":41}},"28":{"start":{"line":198,"column":6},"end":{"line":198,"column":40}},"29":{"start":{"line":200,"column":25},"end":{"line":200,"column":76}},"30":{"start":{"line":201,"column":6},"end":{"line":201,"column":68}},"31":{"start":{"line":202,"column":6},"end":{"line":202,"column":41}},"32":{"start":{"line":203,"column":6},"end":{"line":203,"column":22}},"33":{"start":{"line":204,"column":6},"end":{"line":204,"column":29}},"34":{"start":{"line":207,"column":6},"end":{"line":207,"column":25}},"35":{"start":{"line":208,"column":6},"end":{"line":208,"column":35}},"36":{"start":{"line":221,"column":2},"end":{"line":238,"column":3}},"37":{"start":{"line":222,"column":4},"end":{"line":237,"column":5}},"38":{"start":{"line":223,"column":6},"end":{"line":223,"column":37}},"39":{"start":{"line":224,"column":20},"end":{"line":224,"column":56}},"40":{"start":{"line":225,"column":6},"end":{"line":231,"column":7}},"41":{"start":{"line":226,"column":8},"end":{"line":226,"column":51}},"42":{"start":{"line":227,"column":8},"end":{"line":227,"column":24}},"43":{"start":{"line":229,"column":8},"end":{"line":229,"column":46}},"44":{"start":{"line":230,"column":8},"end":{"line":230,"column":34}},"45":{"start":{"line":234,"column":6},"end":{"line":234,"column":49}},"46":{"start":{"line":235,"column":6},"end":{"line":235,"column":28}},"47":{"start":{"line":236,"column":6},"end":{"line":236,"column":32}},"48":{"start":{"line":260,"column":2},"end":{"line":272,"column":3}},"49":{"start":{"line":261,"column":4},"end":{"line":271,"column":5}},"50":{"start":{"line":262,"column":6},"end":{"line":262,"column":31}},"51":{"start":{"line":263,"column":20},"end":{"line":263,"column":56}},"52":{"start":{"line":264,"column":6},"end":{"line":264,"column":42}},"53":{"start":{"line":265,"column":6},"end":{"line":265,"column":31}},"54":{"start":{"line":266,"column":6},"end":{"line":266,"column":36}},"55":{"start":{"line":267,"column":6},"end":{"line":267,"column":32}},"56":{"start":{"line":270,"column":6},"end":{"line":270,"column":36}}},"fnMap":{"0":{"name":"logoutState","decl":{"start":{"line":41,"column":9},"end":{"line":41,"column":20}},"loc":{"start":{"line":41,"column":24},"end":{"line":45,"column":1}},"line":41},"1":{"name":"loginState","decl":{"start":{"line":47,"column":9},"end":{"line":47,"column":19}},"loc":{"start":{"line":47,"column":23},"end":{"line":51,"column":1}},"line":47},"2":{"name":"loginRequest","decl":{"start":{"line":56,"column":9},"end":{"line":56,"column":21}},"loc":{"start":{"line":56,"column":25},"end":{"line":60,"column":1}},"line":56},"3":{"name":"loginSuccess","decl":{"start":{"line":62,"column":16},"end":{"line":62,"column":28}},"loc":{"start":{"line":62,"column":43},"end":{"line":67,"column":1}},"line":62},"4":{"name":"loginFailure","decl":{"start":{"line":69,"column":16},"end":{"line":69,"column":28}},"loc":{"start":{"line":69,"column":37},"end":{"line":74,"column":1}},"line":69},"5":{"name":"jobMasterDownloadStart","decl":{"start":{"line":76,"column":16},"end":{"line":76,"column":38}},"loc":{"start":{"line":76,"column":41},"end":{"line":80,"column":1}},"line":76},"6":{"name":"jobMasterDownloadSuccess","decl":{"start":{"line":82,"column":16},"end":{"line":82,"column":40}},"loc":{"start":{"line":82,"column":43},"end":{"line":86,"column":1}},"line":82},"7":{"name":"sessionTokenRequest","decl":{"start":{"line":91,"column":16},"end":{"line":91,"column":35}},"loc":{"start":{"line":91,"column":39},"end":{"line":95,"column":1}},"line":91},"8":{"name":"sessionTokenRequestSuccess","decl":{"start":{"line":96,"column":16},"end":{"line":96,"column":42}},"loc":{"start":{"line":96,"column":51},"end":{"line":101,"column":1}},"line":96},"9":{"name":"sessionTokenRequestFailure","decl":{"start":{"line":102,"column":16},"end":{"line":102,"column":42}},"loc":{"start":{"line":102,"column":51},"end":{"line":107,"column":1}},"line":102},"10":{"name":"deleteTokenRequest","decl":{"start":{"line":112,"column":16},"end":{"line":112,"column":34}},"loc":{"start":{"line":112,"column":38},"end":{"line":116,"column":1}},"line":112},"11":{"name":"deleteTokenRequestSuccess","decl":{"start":{"line":117,"column":16},"end":{"line":117,"column":41}},"loc":{"start":{"line":117,"column":45},"end":{"line":121,"column":1}},"line":117},"12":{"name":"saveSessionToken","decl":{"start":{"line":129,"column":16},"end":{"line":129,"column":32}},"loc":{"start":{"line":129,"column":47},"end":{"line":131,"column":1}},"line":129},"13":{"name":"onAuthFormFieldChange","decl":{"start":{"line":137,"column":16},"end":{"line":137,"column":37}},"loc":{"start":{"line":137,"column":53},"end":{"line":142,"column":1}},"line":137},"14":{"name":"logoutRequest","decl":{"start":{"line":147,"column":16},"end":{"line":147,"column":29}},"loc":{"start":{"line":147,"column":33},"end":{"line":151,"column":1}},"line":147},"15":{"name":"logoutSuccess","decl":{"start":{"line":153,"column":16},"end":{"line":153,"column":29}},"loc":{"start":{"line":153,"column":33},"end":{"line":157,"column":1}},"line":153},"16":{"name":"logoutFailure","decl":{"start":{"line":158,"column":16},"end":{"line":158,"column":29}},"loc":{"start":{"line":158,"column":38},"end":{"line":163,"column":1}},"line":158},"17":{"name":"deleteSessionToken","decl":{"start":{"line":171,"column":16},"end":{"line":171,"column":34}},"loc":{"start":{"line":171,"column":38},"end":{"line":177,"column":1}},"line":171},"18":{"name":"(anonymous_18)","decl":{"start":{"line":172,"column":9},"end":{"line":172,"column":10}},"loc":{"start":{"line":172,"column":35},"end":{"line":176,"column":3}},"line":172},"19":{"name":"login","decl":{"start":{"line":192,"column":16},"end":{"line":192,"column":21}},"loc":{"start":{"line":192,"column":43},"end":{"line":211,"column":1}},"line":192},"20":{"name":"(anonymous_20)","decl":{"start":{"line":193,"column":9},"end":{"line":193,"column":10}},"loc":{"start":{"line":193,"column":35},"end":{"line":210,"column":3}},"line":193},"21":{"name":"getSessionToken","decl":{"start":{"line":220,"column":16},"end":{"line":220,"column":31}},"loc":{"start":{"line":220,"column":35},"end":{"line":239,"column":1}},"line":220},"22":{"name":"(anonymous_22)","decl":{"start":{"line":221,"column":9},"end":{"line":221,"column":10}},"loc":{"start":{"line":221,"column":35},"end":{"line":238,"column":3}},"line":221},"23":{"name":"logout","decl":{"start":{"line":259,"column":16},"end":{"line":259,"column":22}},"loc":{"start":{"line":259,"column":26},"end":{"line":273,"column":1}},"line":259},"24":{"name":"(anonymous_24)","decl":{"start":{"line":260,"column":9},"end":{"line":260,"column":10}},"loc":{"start":{"line":260,"column":35},"end":{"line":272,"column":3}},"line":260}},"branchMap":{"0":{"loc":{"start":{"line":105,"column":13},"end":{"line":105,"column":47}},"type":"cond-expr","locations":[{"start":{"line":105,"column":35},"end":{"line":105,"column":39}},{"start":{"line":105,"column":42},"end":{"line":105,"column":47}}],"line":105},"1":{"loc":{"start":{"line":225,"column":6},"end":{"line":231,"column":7}},"type":"if","locations":[{"start":{"line":225,"column":6},"end":{"line":231,"column":7}},{"start":{"line":225,"column":6},"end":{"line":231,"column":7}}],"line":225}},"s":{"0":1,"1":1,"2":0,"3":0,"4":0,"5":1,"6":1,"7":0,"8":0,"9":0,"10":0,"11":0,"12":0,"13":0,"14":0,"15":0,"16":0,"17":0,"18":0,"19":0,"20":0,"21":0,"22":0,"23":0,"24":0,"25":0,"26":0,"27":0,"28":0,"29":0,"30":0,"31":0,"32":0,"33":0,"34":0,"35":0,"36":0,"37":0,"38":0,"39":0,"40":0,"41":0,"42":0,"43":0,"44":0,"45":0,"46":0,"47":0,"48":0,"49":0,"50":0,"51":0,"52":0,"53":0,"54":0,"55":0,"56":0},"f":{"0":0,"1":0,"2":0,"3":1,"4":1,"5":0,"6":0,"7":0,"8":0,"9":0,"10":0,"11":0,"12":0,"13":0,"14":0,"15":0,"16":0,"17":0,"18":0,"19":0,"20":0,"21":0,"22":0,"23":0,"24":0},"b":{"0":[0,0],"1":[0,0]},"_coverageSchema":"332fd63041d2c1bcb487cc26dd0d5f7d97098a6c","hash":"c25239717e3ec2fd6cd00b1824349c031410bdee"}
,"/Users/gauravsrivastava/JavaDev/FareyeReact/src/reducers/device/deviceActions.js": {"path":"/Users/gauravsrivastava/JavaDev/FareyeReact/src/reducers/device/deviceActions.js","statementMap":{"0":{"start":{"line":19,"column":4},"end":{"line":19,"column":42}},"1":{"start":{"line":26,"column":2},"end":{"line":29,"column":3}},"2":{"start":{"line":36,"column":2},"end":{"line":39,"column":3}}},"fnMap":{"0":{"name":"setPlatform","decl":{"start":{"line":25,"column":16},"end":{"line":25,"column":27}},"loc":{"start":{"line":25,"column":39},"end":{"line":30,"column":1}},"line":25},"1":{"name":"setVersion","decl":{"start":{"line":35,"column":16},"end":{"line":35,"column":26}},"loc":{"start":{"line":35,"column":37},"end":{"line":40,"column":1}},"line":35}},"branchMap":{},"s":{"0":1,"1":1,"2":1},"f":{"0":1,"1":1},"b":{},"_coverageSchema":"332fd63041d2c1bcb487cc26dd0d5f7d97098a6c","hash":"aff14d68af1988123304b962db9785163dc8bdb5"}
,"/Users/gauravsrivastava/JavaDev/FareyeReact/src/reducers/device/deviceInitialState.js": {"path":"/Users/gauravsrivastava/JavaDev/FareyeReact/src/reducers/device/deviceInitialState.js","statementMap":{"0":{"start":{"line":22,"column":19},"end":{"line":26,"column":2}}},"fnMap":{},"branchMap":{},"s":{"0":1},"f":{},"b":{},"_coverageSchema":"332fd63041d2c1bcb487cc26dd0d5f7d97098a6c","hash":"f8f07ec169b592092997067804c16ff6a602c598"}
,"/Users/gauravsrivastava/JavaDev/FareyeReact/src/reducers/device/deviceReducer.js": {"path":"/Users/gauravsrivastava/JavaDev/FareyeReact/src/reducers/device/deviceReducer.js","statementMap":{"0":{"start":{"line":20,"column":4},"end":{"line":20,"column":42}},"1":{"start":{"line":22,"column":21},"end":{"line":22,"column":39}},"2":{"start":{"line":30,"column":2},"end":{"line":30,"column":72}},"3":{"start":{"line":30,"column":40},"end":{"line":30,"column":72}},"4":{"start":{"line":32,"column":2},"end":{"line":49,"column":3}},"5":{"start":{"line":39,"column":23},"end":{"line":39,"column":37}},"6":{"start":{"line":40,"column":6},"end":{"line":40,"column":44}},"7":{"start":{"line":47,"column":22},"end":{"line":47,"column":36}},"8":{"start":{"line":48,"column":6},"end":{"line":48,"column":42}},"9":{"start":{"line":51,"column":2},"end":{"line":51,"column":14}}},"fnMap":{"0":{"name":"deviceReducer","decl":{"start":{"line":29,"column":24},"end":{"line":29,"column":37}},"loc":{"start":{"line":29,"column":69},"end":{"line":52,"column":1}},"line":29}},"branchMap":{"0":{"loc":{"start":{"line":29,"column":39},"end":{"line":29,"column":59}},"type":"default-arg","locations":[{"start":{"line":29,"column":47},"end":{"line":29,"column":59}}],"line":29},"1":{"loc":{"start":{"line":30,"column":2},"end":{"line":30,"column":72}},"type":"if","locations":[{"start":{"line":30,"column":2},"end":{"line":30,"column":72}},{"start":{"line":30,"column":2},"end":{"line":30,"column":72}}],"line":30},"2":{"loc":{"start":{"line":32,"column":2},"end":{"line":49,"column":3}},"type":"switch","locations":[{"start":{"line":38,"column":4},"end":{"line":40,"column":44}},{"start":{"line":46,"column":4},"end":{"line":48,"column":42}}],"line":32}},"s":{"0":1,"1":1,"2":5,"3":0,"4":5,"5":1,"6":1,"7":1,"8":1,"9":3},"f":{"0":5},"b":{"0":[5],"1":[0,5],"2":[1,1]},"_coverageSchema":"332fd63041d2c1bcb487cc26dd0d5f7d97098a6c","hash":"7db07fb08bd43ae4d4955c4b2e73a912eb574740"}
,"/Users/gauravsrivastava/JavaDev/FareyeReact/src/repositories/index.js": {"path":"/Users/gauravsrivastava/JavaDev/FareyeReact/src/repositories/index.js","statementMap":{"0":{"start":{"line":8,"column":22},"end":{"line":8,"column":23}},"1":{"start":{"line":9,"column":15},"end":{"line":9,"column":30}},"2":{"start":{"line":10,"column":12},"end":{"line":10,"column":48}},"3":{"start":{"line":13,"column":2},"end":{"line":18,"column":5}},"4":{"start":{"line":15,"column":4},"end":{"line":15,"column":43}},"5":{"start":{"line":17,"column":4},"end":{"line":17,"column":36}},"6":{"start":{"line":22,"column":2},"end":{"line":25,"column":5}},"7":{"start":{"line":24,"column":4},"end":{"line":24,"column":57}},"8":{"start":{"line":24,"column":26},"end":{"line":24,"column":55}},"9":{"start":{"line":30,"column":2},"end":{"line":30,"column":34}}},"fnMap":{"0":{"name":"save","decl":{"start":{"line":12,"column":16},"end":{"line":12,"column":20}},"loc":{"start":{"line":12,"column":40},"end":{"line":19,"column":1}},"line":12},"1":{"name":"(anonymous_1)","decl":{"start":{"line":13,"column":21},"end":{"line":13,"column":22}},"loc":{"start":{"line":13,"column":27},"end":{"line":18,"column":3}},"line":13},"2":{"name":"saveList","decl":{"start":{"line":21,"column":16},"end":{"line":21,"column":24}},"loc":{"start":{"line":21,"column":43},"end":{"line":26,"column":1}},"line":21},"3":{"name":"(anonymous_3)","decl":{"start":{"line":22,"column":21},"end":{"line":22,"column":22}},"loc":{"start":{"line":22,"column":27},"end":{"line":25,"column":3}},"line":22},"4":{"name":"(anonymous_4)","decl":{"start":{"line":24,"column":18},"end":{"line":24,"column":19}},"loc":{"start":{"line":24,"column":26},"end":{"line":24,"column":55}},"line":24},"5":{"name":"getAll","decl":{"start":{"line":29,"column":16},"end":{"line":29,"column":22}},"loc":{"start":{"line":29,"column":34},"end":{"line":31,"column":1}},"line":29}},"branchMap":{},"s":{"0":1,"1":1,"2":1,"3":0,"4":0,"5":0,"6":0,"7":0,"8":0,"9":0},"f":{"0":0,"1":0,"2":0,"3":0,"4":0,"5":0},"b":{},"_coverageSchema":"332fd63041d2c1bcb487cc26dd0d5f7d97098a6c","hash":"129edea410fffa8b74786748cf2bddb931a17887"}
,"/Users/gauravsrivastava/JavaDev/FareyeReact/src/repositories/schema/userSummary.js": {"path":"/Users/gauravsrivastava/JavaDev/FareyeReact/src/repositories/schema/userSummary.js","statementMap":{"0":{"start":{"line":2,"column":31},"end":{"line":2,"column":69}},"1":{"start":{"line":10,"column":0},"end":{"line":61,"column":1}}},"fnMap":{},"branchMap":{},"s":{"0":1,"1":1},"f":{},"b":{},"_coverageSchema":"332fd63041d2c1bcb487cc26dd0d5f7d97098a6c","hash":"8e2320bb82d7a2a9a7e8fde8121d80e05f6bcd8b"}
}
