TN:
SF:/home/rahul/reactcodebase/fareye-react/src/lib/RestAPI.js
FN:23,(anonymous_0)
FN:45,(anonymous_1)
FN:70,(anonymous_2)
FN:71,prune
FN:72,(anonymous_4)
FN:86,(anonymous_5)
FN:120,(anonymous_6)
FN:143,(anonymous_7)
FNF:8
FNH:0
FNDA:0,(anonymous_0)
FNDA:0,(anonymous_1)
FNDA:0,(anonymous_2)
FNDA:0,prune
FNDA:0,(anonymous_4)
FNDA:0,(anonymous_5)
FNDA:0,(anonymous_6)
FNDA:0,(anonymous_7)
DA:24,0
DA:25,0
DA:26,0
DA:27,0
DA:29,0
DA:31,0
DA:46,0
DA:47,0
DA:48,0
DA:49,0
DA:50,0
DA:51,0
DA:53,0
DA:54,0
DA:55,0
DA:61,0
DA:62,0
DA:64,0
DA:72,0
DA:73,0
DA:77,0
DA:80,0
DA:83,0
DA:88,0
DA:89,0
DA:99,0
DA:100,0
DA:109,0
DA:119,0
DA:121,0
DA:122,0
DA:123,0
DA:124,0
DA:126,0
DA:127,0
DA:129,0
DA:131,0
DA:133,0
DA:135,0
DA:137,0
DA:139,0
DA:144,0
DA:149,2
LF:43
LH:1
BRDA:26,0,0,0
BRDA:26,0,1,0
BRDA:26,1,0,0
BRDA:26,1,1,0
BRDA:29,2,0,0
BRDA:29,2,1,0
BRDA:31,3,0,0
BRDA:31,3,1,0
BRDA:49,4,0,0
BRDA:49,4,1,0
BRDA:61,5,0,0
BRDA:61,5,1,0
BRDA:73,6,0,0
BRDA:73,6,1,0
BRDA:73,7,0,0
BRDA:73,7,1,0
BRDA:73,7,2,0
BRDA:73,7,3,0
BRDA:73,7,4,0
BRDA:73,7,5,0
BRDA:73,7,6,0
BRDA:88,8,0,0
BRDA:88,8,1,0
BRDA:99,9,0,0
BRDA:99,9,1,0
BRDA:123,10,0,0
BRDA:123,10,1,0
BRDA:127,11,0,0
BRDA:127,11,1,0
BRDA:127,11,2,0
BRDA:127,11,3,0
BRDA:127,11,4,0
BRDA:127,11,5,0
BRF:33
BRH:0
end_of_record
TN:
SF:/home/rahul/reactcodebase/fareye-react/src/lib/RestAPIFactory.js
FN:12,RestAPIFactory
FNF:1
FNH:0
FNDA:0,RestAPIFactory
DA:13,0
DA:14,0
DA:15,0
LF:3
LH:0
BRDA:12,0,0,0
BRDA:13,1,0,0
BRDA:13,1,1,0
BRDA:13,2,0,0
BRDA:13,2,1,0
BRDA:13,2,2,0
BRF:6
BRH:0
end_of_record
TN:
SF:/home/rahul/reactcodebase/fareye-react/src/lib/config.js
FNF:0
FNH:0
DA:1,5
LF:1
LH:1
BRF:0
BRH:0
end_of_record
TN:
SF:/home/rahul/reactcodebase/fareye-react/src/lib/constants.js
FNF:0
FNH:0
LF:0
LH:0
BRF:0
BRH:0
end_of_record
TN:
SF:/home/rahul/reactcodebase/fareye-react/src/modules/device/deviceActions.js
FN:25,setPlatform
FN:35,setVersion
FNF:2
FNH:2
FNDA:1,setPlatform
FNDA:1,setVersion
DA:19,1
DA:26,1
DA:36,1
LF:3
LH:3
BRF:0
BRH:0
end_of_record
TN:
SF:/home/rahul/reactcodebase/fareye-react/src/modules/device/deviceInitialState.js
FNF:0
FNH:0
DA:22,1
LF:1
LH:1
BRF:0
BRH:0
end_of_record
TN:
SF:/home/rahul/reactcodebase/fareye-react/src/modules/device/deviceReducer.js
FN:29,deviceReducer
FNF:1
FNH:1
FNDA:5,deviceReducer
DA:20,1
DA:22,1
DA:30,5
DA:32,5
DA:39,1
DA:40,1
DA:47,1
DA:48,1
DA:51,3
LF:9
LH:9
BRDA:29,0,0,5
BRDA:30,1,0,0
BRDA:30,1,1,5
BRDA:32,2,0,1
BRDA:32,2,1,1
BRF:5
BRH:4
end_of_record
TN:
SF:/home/rahul/reactcodebase/fareye-react/src/modules/global/globalActions.js
FN:26,setSessionToken
FN:41,setStore
FN:53,setCredentials
FN:60,checkConnection
FN:70,logoutRequest
FN:76,logoutSuccess
FN:81,logoutFailure
FN:104,deleteSessionToken
FN:105,(anonymous_8)
FNF:9
FNH:0
FNDA:0,setSessionToken
FNDA:0,setStore
FNDA:0,setCredentials
FNDA:0,checkConnection
FNDA:0,logoutRequest
FNDA:0,logoutSuccess
FNDA:0,logoutFailure
FNDA:0,deleteSessionToken
FNDA:0,(anonymous_8)
DA:17,1
DA:27,0
DA:42,0
DA:54,0
DA:61,0
DA:71,0
DA:77,0
DA:82,0
DA:105,0
DA:106,0
DA:107,0
DA:108,0
DA:109,0
DA:111,0
LF:14
LH:1
BRF:0
BRH:0
end_of_record
TN:
SF:/home/rahul/reactcodebase/fareye-react/src/modules/login/loginActions.js
FN:47,logoutState
FN:53,loginState
FN:62,loginRequest
FN:68,loginSuccess
FN:75,loginFailure
FN:85,sessionTokenRequest
FN:91,sessionTokenRequestSuccess
FN:98,sessionTokenRequestFailure
FN:109,onChangeUsername
FN:120,onChangePassword
FN:127,startScanner
FN:134,stopScanner
FN:141,toggleCheckbox
FN:147,rememberMeSetTrue
FN:165,authenticateUser
FN:166,(anonymous_15)
FN:183,checkRememberMe
FN:184,(anonymous_17)
FN:208,getSessionToken
FN:209,(anonymous_19)
FNF:20
FNH:13
FNDA:1,logoutState
FNDA:1,loginState
FNDA:1,loginRequest
FNDA:1,loginSuccess
FNDA:1,loginFailure
FNDA:1,sessionTokenRequest
FNDA:1,sessionTokenRequestSuccess
FNDA:2,sessionTokenRequestFailure
FNDA:2,onChangeUsername
FNDA:2,onChangePassword
FNDA:1,startScanner
FNDA:1,stopScanner
FNDA:1,toggleCheckbox
FNDA:0,rememberMeSetTrue
FNDA:0,authenticateUser
FNDA:0,(anonymous_15)
FNDA:0,checkRememberMe
FNDA:0,(anonymous_17)
FNDA:0,getSessionToken
FNDA:0,(anonymous_19)
DA:32,1
DA:48,1
DA:54,1
DA:63,1
DA:69,1
DA:76,1
DA:86,1
DA:92,1
DA:99,2
DA:110,2
DA:121,2
DA:128,1
DA:135,1
DA:142,1
DA:148,0
DA:166,0
DA:167,0
DA:168,0
DA:169,0
DA:170,0
DA:171,0
DA:172,0
DA:173,0
DA:174,0
DA:175,0
DA:178,0
DA:184,0
DA:185,0
DA:186,0
DA:187,0
DA:188,0
DA:189,0
DA:190,0
DA:191,0
DA:192,0
DA:193,0
DA:194,0
DA:209,0
DA:210,0
DA:211,0
DA:212,0
DA:213,0
DA:214,0
DA:215,0
DA:216,0
DA:217,0
DA:218,0
DA:219,0
DA:220,0
DA:222,0
DA:223,0
DA:225,0
DA:228,0
DA:232,0
DA:233,0
DA:234,0
DA:235,0
DA:236,0
LF:58
LH:14
BRDA:101,0,0,1
BRDA:101,0,1,1
BRDA:189,1,0,0
BRDA:189,1,1,0
BRDA:218,2,0,0
BRDA:218,2,1,0
BRDA:219,3,0,0
BRDA:219,3,1,0
BRDA:220,4,0,0
BRDA:220,4,1,0
BRDA:220,5,0,0
BRDA:220,5,1,0
BRDA:220,5,2,0
BRDA:223,6,0,0
BRDA:223,6,1,0
BRF:15
BRH:2
end_of_record
TN:
SF:/home/rahul/reactcodebase/fareye-react/src/modules/pre-loader/preloaderActions.js
FN:62,jobMasterDownloadStart
FN:68,jobMasterDownloadSuccess
FN:74,jobMasterDownloadFailure
FN:81,jobMasterSavingStart
FN:87,jobMasterSavingSuccess
FN:93,jobMasterSavingFailure
FN:100,checkAssetStart
FN:107,preloaderSuccess
FN:113,checkAssetFailure
FN:120,showMobileNumber
FN:127,showOtp
FN:134,preLogoutRequest
FN:140,preLogoutSuccess
FN:146,preLogoutFailure
FN:153,onChangeMobileNumber
FN:160,onChangeOtp
FN:168,otpGenerationStart
FN:175,otpGenerationFailure
FN:184,optValidationStart
FN:191,otpValidationFailure
FN:199,downloadJobMaster
FN:222,invalidateUserSession
FN:223,(anonymous_22)
FN:238,saveSettingsAndValidateDevice
FN:239,(anonymous_24)
FN:256,validateAndSaveJobMaster
FN:277,checkAsset
FN:302,checkIfSimValidOnServer
FN:332,generateOtp
FN:333,(anonymous_29)
FN:355,validateOtp
FN:356,(anonymous_31)
FNF:32
FNH:6
FNDA:1,jobMasterDownloadStart
FNDA:1,jobMasterDownloadSuccess
FNDA:1,jobMasterDownloadFailure
FNDA:1,jobMasterSavingStart
FNDA:1,jobMasterSavingSuccess
FNDA:1,jobMasterSavingFailure
FNDA:0,checkAssetStart
FNDA:0,preloaderSuccess
FNDA:0,checkAssetFailure
FNDA:0,showMobileNumber
FNDA:0,showOtp
FNDA:0,preLogoutRequest
FNDA:0,preLogoutSuccess
FNDA:0,preLogoutFailure
FNDA:0,onChangeMobileNumber
FNDA:0,onChangeOtp
FNDA:0,otpGenerationStart
FNDA:0,otpGenerationFailure
FNDA:0,optValidationStart
FNDA:0,otpValidationFailure
FNDA:0,downloadJobMaster
FNDA:0,invalidateUserSession
FNDA:0,(anonymous_22)
FNDA:0,saveSettingsAndValidateDevice
FNDA:0,(anonymous_24)
FNDA:0,validateAndSaveJobMaster
FNDA:0,checkAsset
FNDA:0,checkIfSimValidOnServer
FNDA:0,generateOtp
FNDA:0,(anonymous_29)
FNDA:0,validateOtp
FNDA:0,(anonymous_31)
DA:48,1
DA:63,1
DA:69,1
DA:75,1
DA:82,1
DA:88,1
DA:94,1
DA:101,0
DA:108,0
DA:114,0
DA:121,0
DA:128,0
DA:135,0
DA:141,0
DA:147,0
DA:154,0
DA:161,0
DA:169,0
DA:176,0
DA:185,0
DA:192,0
DA:200,0
DA:201,0
DA:202,0
DA:203,0
DA:204,0
DA:205,0
DA:206,0
DA:207,0
DA:208,0
DA:209,0
DA:210,0
DA:211,0
DA:212,0
DA:214,0
DA:223,0
DA:224,0
DA:225,0
DA:226,0
DA:227,0
DA:228,0
DA:229,0
DA:230,0
DA:231,0
DA:233,0
DA:239,0
DA:240,0
DA:241,0
DA:243,0
DA:244,0
DA:257,0
DA:258,0
DA:259,0
DA:262,0
DA:263,0
DA:264,0
DA:265,0
DA:266,0
DA:268,0
DA:278,0
DA:279,0
DA:280,0
DA:281,0
DA:282,0
DA:283,0
DA:284,0
DA:285,0
DA:286,0
DA:287,0
DA:288,0
DA:290,0
DA:293,0
DA:303,0
DA:304,0
DA:305,0
DA:306,0
DA:307,0
DA:308,0
DA:309,0
DA:310,0
DA:311,0
DA:313,0
DA:314,0
DA:316,0
DA:317,0
DA:318,0
DA:319,0
DA:320,0
DA:321,0
DA:323,0
DA:333,0
DA:334,0
DA:335,0
DA:336,0
DA:337,0
DA:338,0
DA:339,0
DA:340,0
DA:341,0
DA:342,0
DA:345,0
DA:356,0
DA:357,0
DA:358,0
DA:359,0
DA:360,0
DA:361,0
DA:362,0
DA:364,0
DA:365,0
DA:366,0
DA:367,0
DA:369,0
LF:113
LH:7
BRDA:240,0,0,0
BRDA:240,0,1,0
BRDA:240,1,0,0
BRDA:240,1,1,0
BRDA:240,1,2,0
BRDA:243,2,0,0
BRDA:243,2,1,0
BRDA:258,3,0,0
BRDA:258,3,1,0
BRDA:285,4,0,0
BRDA:285,4,1,0
BRDA:318,5,0,0
BRDA:318,5,1,0
BRDA:361,6,0,0
BRDA:361,6,1,0
BRF:15
BRH:0
end_of_record
TN:
SF:/home/rahul/reactcodebase/fareye-react/src/repositories/keyValueDb.js
FN:17,(anonymous_0)
FN:84,(anonymous_1)
FN:86,(anonymous_2)
FN:98,(anonymous_3)
FN:104,(anonymous_4)
FN:106,(anonymous_5)
FN:108,(anonymous_6)
FNF:7
FNH:0
FNDA:0,(anonymous_0)
FNDA:0,(anonymous_1)
FNDA:0,(anonymous_2)
FNDA:0,(anonymous_3)
FNDA:0,(anonymous_4)
FNDA:0,(anonymous_5)
FNDA:0,(anonymous_6)
DA:18,0
DA:20,0
DA:22,0
DA:23,0
DA:25,0
DA:26,0
DA:28,0
DA:29,0
DA:31,0
DA:32,0
DA:34,0
DA:35,0
DA:37,0
DA:38,0
DA:40,0
DA:41,0
DA:43,0
DA:44,0
DA:46,0
DA:47,0
DA:49,0
DA:50,0
DA:52,0
DA:53,0
DA:55,0
DA:56,0
DA:58,0
DA:59,0
DA:61,0
DA:62,0
DA:64,0
DA:65,0
DA:67,0
DA:68,0
DA:70,0
DA:71,0
DA:73,0
DA:74,0
DA:76,0
DA:77,0
DA:79,0
DA:81,0
DA:82,0
DA:85,0
DA:87,0
DA:88,0
DA:91,0
DA:92,0
DA:93,0
DA:99,0
DA:100,0
DA:105,0
DA:107,0
DA:109,0
DA:114,5
LF:55
LH:1
BRDA:20,0,0,0
BRDA:20,0,1,0
BRDA:20,0,2,0
BRDA:20,0,3,0
BRDA:20,0,4,0
BRDA:20,0,5,0
BRDA:20,0,6,0
BRDA:20,0,7,0
BRDA:20,0,8,0
BRDA:20,0,9,0
BRDA:20,0,10,0
BRDA:20,0,11,0
BRDA:20,0,12,0
BRDA:20,0,13,0
BRDA:20,0,14,0
BRDA:20,0,15,0
BRDA:20,0,16,0
BRDA:20,0,17,0
BRDA:20,0,18,0
BRDA:20,0,19,0
BRDA:81,1,0,0
BRDA:81,1,1,0
BRDA:81,2,0,0
BRDA:81,2,1,0
BRDA:81,2,2,0
BRDA:92,3,0,0
BRDA:92,3,1,0
BRF:27
BRH:0
end_of_record
TN:
SF:/home/rahul/reactcodebase/fareye-react/src/services/classes/Authentication.js
FN:37,(anonymous_0)
FN:54,(anonymous_1)
FN:70,(anonymous_2)
FNF:3
FNH:2
FNDA:1,(anonymous_0)
FNDA:0,(anonymous_1)
FNDA:1,(anonymous_2)
DA:13,3
DA:38,1
DA:39,1
DA:40,1
DA:41,1
DA:42,1
DA:44,1
DA:45,1
DA:55,0
DA:56,0
DA:57,0
DA:58,0
DA:59,0
DA:60,0
DA:62,0
DA:63,0
DA:64,0
DA:65,0
DA:66,0
DA:71,1
DA:72,1
DA:73,1
DA:74,1
DA:76,0
DA:82,3
LF:25
LH:13
BRDA:55,0,0,0
BRDA:55,0,1,0
BRF:2
BRH:0
end_of_record
TN:
SF:/home/rahul/reactcodebase/fareye-react/src/services/classes/DeviceVerification.js
FN:27,(anonymous_0)
FN:51,(anonymous_1)
FN:84,(anonymous_2)
FN:109,(anonymous_3)
FN:127,(anonymous_4)
FN:150,(anonymous_5)
FN:165,(anonymous_6)
FN:172,(anonymous_7)
FNF:8
FNH:2
FNDA:0,(anonymous_0)
FNDA:1,(anonymous_1)
FNDA:0,(anonymous_2)
FNDA:0,(anonymous_3)
FNDA:0,(anonymous_4)
FNDA:0,(anonymous_5)
FNDA:0,(anonymous_6)
FNDA:1,(anonymous_7)
DA:12,2
DA:28,0
DA:29,0
DA:31,0
DA:32,0
DA:34,0
DA:38,0
DA:39,0
DA:40,0
DA:52,1
DA:53,1
DA:54,0
DA:55,0
DA:56,0
DA:57,0
DA:59,0
DA:60,0
DA:61,0
DA:64,0
DA:65,0
DA:66,0
DA:67,0
DA:68,0
DA:70,0
DA:71,0
DA:74,0
DA:75,0
DA:85,0
DA:86,0
DA:88,0
DA:89,0
DA:90,0
DA:92,0
DA:93,0
DA:94,0
DA:95,0
DA:97,0
DA:98,0
DA:100,0
DA:110,0
DA:117,0
DA:118,0
DA:119,0
DA:128,0
DA:136,0
DA:137,0
DA:139,0
DA:151,0
DA:152,0
DA:153,0
DA:154,0
DA:155,0
DA:156,0
DA:166,0
DA:167,0
DA:168,0
DA:173,1
DA:174,1
DA:175,1
DA:176,1
DA:177,1
DA:179,0
DA:183,2
LF:63
LH:9
BRDA:28,0,0,0
BRDA:28,0,1,0
BRDA:31,1,0,0
BRDA:31,1,1,0
BRDA:56,2,0,0
BRDA:56,2,1,0
BRDA:57,3,0,0
BRDA:57,3,1,0
BRDA:59,4,0,0
BRDA:59,4,1,0
BRDA:59,5,0,0
BRDA:59,5,1,0
BRDA:60,6,0,0
BRDA:60,6,1,0
BRDA:64,7,0,0
BRDA:64,7,1,0
BRDA:67,8,0,0
BRDA:67,8,1,0
BRDA:67,9,0,0
BRDA:67,9,1,0
BRDA:88,10,0,0
BRDA:88,10,1,0
BRDA:176,11,0,1
BRDA:176,11,1,0
BRF:24
BRH:1
end_of_record
TN:
SF:/home/rahul/reactcodebase/fareye-react/src/services/classes/JobMaster.js
FN:84,(anonymous_0)
FN:118,(anonymous_1)
FN:145,(anonymous_2)
FN:177,(anonymous_3)
FNF:4
FNH:2
FNDA:2,(anonymous_0)
FNDA:0,(anonymous_1)
FNDA:0,(anonymous_2)
FNDA:3,(anonymous_3)
DA:32,2
DA:85,2
DA:86,2
DA:87,0
DA:88,0
DA:89,0
DA:90,0
DA:91,0
DA:98,2
DA:99,1
DA:100,1
DA:101,1
DA:109,2
DA:110,0
DA:111,0
DA:119,0
DA:120,0
DA:121,0
DA:122,0
DA:123,0
DA:124,0
DA:125,0
DA:126,0
DA:127,0
DA:128,0
DA:129,0
DA:130,0
DA:131,0
DA:132,0
DA:133,0
DA:134,0
DA:135,0
DA:136,0
DA:137,0
DA:146,0
DA:147,0
DA:148,0
DA:149,0
DA:150,0
DA:151,0
DA:153,0
DA:154,0
DA:155,0
DA:156,0
DA:158,0
DA:159,0
DA:160,0
DA:161,0
DA:162,0
DA:163,0
DA:164,0
DA:165,0
DA:167,0
DA:178,3
DA:179,3
DA:182,0
DA:187,2
LF:57
LH:11
BRDA:86,0,0,0
BRDA:86,0,1,2
BRDA:86,1,0,2
BRDA:86,1,1,1
BRDA:86,1,2,1
BRDA:98,2,0,1
BRDA:98,2,1,1
BRDA:150,3,0,0
BRDA:150,3,1,0
BRDA:164,4,0,0
BRDA:164,4,1,0
BRDA:178,5,0,3
BRDA:178,5,1,0
BRDA:178,6,0,3
BRDA:178,6,1,2
BRDA:178,6,2,1
BRF:16
BRH:10
end_of_record
TN:
SF:/home/rahul/reactcodebase/fareye-react/src/services/classes/KeyValueDBService.js
FN:12,(anonymous_0)
FN:21,(anonymous_1)
FN:26,(anonymous_2)
FNF:3
FNH:0
FNDA:0,(anonymous_0)
FNDA:0,(anonymous_1)
FNDA:0,(anonymous_2)
DA:13,0
DA:14,0
DA:22,0
DA:23,0
DA:27,0
DA:32,5
LF:6
LH:1
BRF:0
BRH:0
end_of_record
