TN:
SF:/Users/gauravsrivastava/JavaDev/FareyeReact/src/lib/RestAPI.js
FN:23,(anonymous_0)
FN:45,(anonymous_1)
FN:70,(anonymous_2)
FN:71,prune
FN:72,(anonymous_4)
FN:86,(anonymous_5)
FN:120,(anonymous_6)
FN:130,(anonymous_7)
FNF:8
FNH:0
FNDA:0,(anonymous_0)
FNDA:0,(anonymous_1)
FNDA:0,(anonymous_2)
FNDA:0,prune
FNDA:0,(anonymous_4)
FNDA:0,(anonymous_5)
FNDA:0,(anonymous_6)
FNDA:0,(anonymous_7)
DA:24,0
DA:25,0
DA:26,0
DA:27,0
DA:29,0
DA:31,0
DA:46,0
DA:47,0
DA:48,0
DA:49,0
DA:50,0
DA:51,0
DA:53,0
DA:54,0
DA:55,0
DA:61,0
DA:62,0
DA:64,0
DA:72,0
DA:73,0
DA:77,0
DA:80,0
DA:83,0
DA:88,0
DA:89,0
DA:99,0
DA:100,0
DA:109,0
DA:119,0
DA:121,0
DA:122,0
DA:123,0
DA:124,0
DA:126,0
DA:127,0
DA:131,0
DA:136,2
LF:37
LH:1
BRDA:26,0,0,0
BRDA:26,0,1,0
BRDA:26,1,0,0
BRDA:26,1,1,0
BRDA:29,2,0,0
BRDA:29,2,1,0
BRDA:31,3,0,0
BRDA:31,3,1,0
BRDA:49,4,0,0
BRDA:49,4,1,0
BRDA:61,5,0,0
BRDA:61,5,1,0
BRDA:73,6,0,0
BRDA:73,6,1,0
BRDA:73,7,0,0
BRDA:73,7,1,0
BRDA:73,7,2,0
BRDA:73,7,3,0
BRDA:73,7,4,0
BRDA:73,7,5,0
BRDA:73,7,6,0
BRDA:88,8,0,0
BRDA:88,8,1,0
BRDA:99,9,0,0
BRDA:99,9,1,0
BRDA:123,10,0,0
BRDA:123,10,1,0
BRF:27
BRH:0
end_of_record
TN:
SF:/Users/gauravsrivastava/JavaDev/FareyeReact/src/lib/RestAPIFactory.js
FN:12,RestAPIFactory
FNF:1
FNH:0
FNDA:0,RestAPIFactory
DA:13,0
DA:14,0
DA:15,0
LF:3
LH:0
BRDA:12,0,0,0
BRDA:13,1,0,0
BRDA:13,1,1,0
BRDA:13,2,0,0
BRDA:13,2,1,0
BRDA:13,2,2,0
BRF:6
BRH:0
end_of_record
TN:
SF:/Users/gauravsrivastava/JavaDev/FareyeReact/src/lib/RestAPIInterface.js
FN:7,(anonymous_0)
FNF:1
FNH:0
FNDA:0,(anonymous_0)
DA:3,2
LF:1
LH:1
BRF:0
BRH:0
end_of_record
TN:
SF:/Users/gauravsrivastava/JavaDev/FareyeReact/src/lib/config.js
FNF:0
FNH:0
DA:1,2
LF:1
LH:1
BRF:0
BRH:0
end_of_record
TN:
SF:/Users/gauravsrivastava/JavaDev/FareyeReact/src/lib/constants.js
FNF:0
FNH:0
LF:0
LH:0
BRF:0
BRH:0
end_of_record
TN:
SF:/Users/gauravsrivastava/JavaDev/FareyeReact/src/modules/device/deviceActions.js
FN:25,setPlatform
FN:35,setVersion
FNF:2
FNH:2
FNDA:1,setPlatform
FNDA:1,setVersion
DA:19,1
DA:26,1
DA:36,1
LF:3
LH:3
BRF:0
BRH:0
end_of_record
TN:
SF:/Users/gauravsrivastava/JavaDev/FareyeReact/src/modules/device/deviceInitialState.js
FNF:0
FNH:0
DA:22,1
LF:1
LH:1
BRF:0
BRH:0
end_of_record
TN:
SF:/Users/gauravsrivastava/JavaDev/FareyeReact/src/modules/device/deviceReducer.js
FN:29,deviceReducer
FNF:1
FNH:1
FNDA:5,deviceReducer
DA:20,1
DA:22,1
DA:30,5
DA:32,5
DA:39,1
DA:40,1
DA:47,1
DA:48,1
DA:51,3
LF:9
LH:9
BRDA:29,0,0,5
BRDA:30,1,0,0
BRDA:30,1,1,5
BRDA:32,2,0,1
BRDA:32,2,1,1
BRF:5
BRH:4
end_of_record
TN:
SF:/Users/gauravsrivastava/JavaDev/FareyeReact/src/modules/login/loginActions.js
FN:49,logoutState
FN:55,loginState
FN:64,loginRequest
FN:70,loginSuccess
FN:77,loginFailure
FN:87,sessionTokenRequest
FN:93,sessionTokenRequestSuccess
FN:100,sessionTokenRequestFailure
FN:111,onChangeUsername
FN:122,onChangePassword
FN:129,startScanner
FN:136,stopScanner
FN:143,toggleCheckbox
FN:161,authenticateUser
FN:162,(anonymous_14)
FN:179,checkRememberMe
FN:180,(anonymous_16)
FN:201,getSessionToken
FN:202,(anonymous_18)
FNF:19
FNH:8
FNDA:1,logoutState
FNDA:1,loginState
FNDA:1,loginRequest
FNDA:1,loginSuccess
FNDA:1,loginFailure
FNDA:1,sessionTokenRequest
FNDA:1,sessionTokenRequestSuccess
FNDA:2,sessionTokenRequestFailure
FNDA:0,onChangeUsername
FNDA:0,onChangePassword
FNDA:0,startScanner
FNDA:0,stopScanner
FNDA:0,toggleCheckbox
FNDA:0,authenticateUser
FNDA:0,(anonymous_14)
FNDA:0,checkRememberMe
FNDA:0,(anonymous_16)
FNDA:0,getSessionToken
FNDA:0,(anonymous_18)
DA:34,1
DA:50,1
DA:56,1
DA:65,1
DA:71,1
DA:78,1
DA:88,1
DA:94,1
DA:101,2
DA:112,0
DA:123,0
DA:130,0
DA:137,0
DA:144,0
DA:162,0
DA:163,0
DA:164,0
DA:165,0
DA:166,0
DA:167,0
DA:168,0
DA:169,0
DA:170,0
DA:171,0
DA:174,0
DA:180,0
DA:181,0
DA:182,0
DA:183,0
DA:184,0
DA:185,0
DA:186,0
DA:187,0
DA:202,0
DA:203,0
DA:204,0
DA:205,0
DA:206,0
DA:207,0
DA:208,0
DA:209,0
DA:210,0
DA:212,0
DA:213,0
DA:215,0
DA:218,0
DA:222,0
DA:223,0
DA:224,0
DA:225,0
DA:226,0
LF:51
LH:9
BRDA:103,0,0,1
BRDA:103,0,1,1
BRDA:183,1,0,0
BRDA:183,1,1,0
BRDA:210,2,0,0
BRDA:210,2,1,0
BRDA:210,3,0,0
BRDA:210,3,1,0
BRDA:213,4,0,0
BRDA:213,4,1,0
BRF:10
BRH:2
end_of_record
TN:
SF:/Users/gauravsrivastava/JavaDev/FareyeReact/src/repositories/keyValueDb.js
FN:17,(anonymous_0)
FN:84,(anonymous_1)
FN:86,(anonymous_2)
FN:98,(anonymous_3)
FN:104,(anonymous_4)
FN:106,(anonymous_5)
FN:108,(anonymous_6)
FNF:7
FNH:0
FNDA:0,(anonymous_0)
FNDA:0,(anonymous_1)
FNDA:0,(anonymous_2)
FNDA:0,(anonymous_3)
FNDA:0,(anonymous_4)
FNDA:0,(anonymous_5)
FNDA:0,(anonymous_6)
DA:18,0
DA:20,0
DA:22,0
DA:23,0
DA:25,0
DA:26,0
DA:28,0
DA:29,0
DA:31,0
DA:32,0
DA:34,0
DA:35,0
DA:37,0
DA:38,0
DA:40,0
DA:41,0
DA:43,0
DA:44,0
DA:46,0
DA:47,0
DA:49,0
DA:50,0
DA:52,0
DA:53,0
DA:55,0
DA:56,0
DA:58,0
DA:59,0
DA:61,0
DA:62,0
DA:64,0
DA:65,0
DA:67,0
DA:68,0
DA:70,0
DA:71,0
DA:73,0
DA:74,0
DA:76,0
DA:77,0
DA:79,0
DA:81,0
DA:82,0
DA:85,0
DA:87,0
DA:88,0
DA:91,0
DA:92,0
DA:93,0
DA:99,0
DA:100,0
DA:105,0
DA:107,0
DA:109,0
DA:114,2
LF:55
LH:1
BRDA:20,0,0,0
BRDA:20,0,1,0
BRDA:20,0,2,0
BRDA:20,0,3,0
BRDA:20,0,4,0
BRDA:20,0,5,0
BRDA:20,0,6,0
BRDA:20,0,7,0
BRDA:20,0,8,0
BRDA:20,0,9,0
BRDA:20,0,10,0
BRDA:20,0,11,0
BRDA:20,0,12,0
BRDA:20,0,13,0
BRDA:20,0,14,0
BRDA:20,0,15,0
BRDA:20,0,16,0
BRDA:20,0,17,0
BRDA:20,0,18,0
BRDA:20,0,19,0
BRDA:81,1,0,0
BRDA:81,1,1,0
BRDA:81,2,0,0
BRDA:81,2,1,0
BRDA:81,2,2,0
BRDA:92,3,0,0
BRDA:92,3,1,0
BRF:27
BRH:0
end_of_record
TN:
SF:/Users/gauravsrivastava/JavaDev/FareyeReact/src/services/classes/Authentication.js
FN:37,(anonymous_0)
FN:54,(anonymous_1)
FN:70,(anonymous_2)
FNF:3
FNH:0
FNDA:0,(anonymous_0)
FNDA:0,(anonymous_1)
FNDA:0,(anonymous_2)
DA:13,1
DA:38,0
DA:39,0
DA:40,0
DA:41,0
DA:42,0
DA:44,0
DA:45,0
DA:55,0
DA:56,0
DA:57,0
DA:58,0
DA:59,0
DA:60,0
DA:62,0
DA:63,0
DA:64,0
DA:65,0
DA:66,0
DA:71,0
DA:72,0
DA:73,0
DA:74,0
DA:76,0
DA:82,1
LF:25
LH:2
BRDA:55,0,0,0
BRDA:55,0,1,0
BRF:2
BRH:0
end_of_record
TN:
SF:/Users/gauravsrivastava/JavaDev/FareyeReact/src/services/classes/JobMaster.js
FN:84,(anonymous_0)
FN:118,(anonymous_1)
FN:145,(anonymous_2)
FN:177,(anonymous_3)
FNF:4
FNH:0
FNDA:0,(anonymous_0)
FNDA:0,(anonymous_1)
FNDA:0,(anonymous_2)
FNDA:0,(anonymous_3)
DA:32,1
DA:85,0
DA:86,0
DA:87,0
DA:88,0
DA:89,0
DA:90,0
DA:91,0
DA:98,0
DA:99,0
DA:100,0
DA:101,0
DA:109,0
DA:110,0
DA:111,0
DA:119,0
DA:120,0
DA:121,0
DA:122,0
DA:123,0
DA:124,0
DA:125,0
DA:126,0
DA:127,0
DA:128,0
DA:129,0
DA:130,0
DA:131,0
DA:132,0
DA:133,0
DA:134,0
DA:135,0
DA:136,0
DA:137,0
DA:146,0
DA:147,0
DA:148,0
DA:149,0
DA:150,0
DA:151,0
DA:153,0
DA:154,0
DA:155,0
DA:156,0
DA:158,0
DA:159,0
DA:160,0
DA:161,0
DA:162,0
DA:163,0
DA:164,0
DA:165,0
DA:167,0
DA:178,0
DA:179,0
DA:182,0
DA:187,1
LF:57
LH:2
BRDA:86,0,0,0
BRDA:86,0,1,0
BRDA:86,1,0,0
BRDA:86,1,1,0
BRDA:86,1,2,0
BRDA:98,2,0,0
BRDA:98,2,1,0
BRDA:150,3,0,0
BRDA:150,3,1,0
BRDA:164,4,0,0
BRDA:164,4,1,0
BRDA:178,5,0,0
BRDA:178,5,1,0
BRDA:178,6,0,0
BRDA:178,6,1,0
BRDA:178,6,2,0
BRF:16
BRH:0
end_of_record
TN:
SF:/Users/gauravsrivastava/JavaDev/FareyeReact/src/services/classes/KeyValueDBService.js
FN:13,(anonymous_0)
FN:22,(anonymous_1)
FN:27,(anonymous_2)
FNF:3
FNH:0
FNDA:0,(anonymous_0)
FNDA:0,(anonymous_1)
FNDA:0,(anonymous_2)
DA:14,0
DA:15,0
DA:23,0
DA:24,0
DA:28,0
DA:33,2
LF:6
LH:1
BRF:0
BRH:0
end_of_record
